SF:jarvis/__init__.py
DA:3,0
DA:4,0
DA:5,0
DA:6,0
DA:8,0
LF:5
LH:0
end_of_record
SF:jarvis/artifact_builder.py
DA:2,0
DA:3,0
DA:4,0
DA:5,0
DA:6,0
DA:7,0
DA:8,0
DA:9,0
DA:10,0
DA:11,0
DA:13,0
DA:16,0
DA:19,0
DA:25,0
DA:26,0
DA:27,0
DA:28,0
DA:29,0
DA:30,0
DA:32,0
DA:34,0
DA:49,0
DA:50,0
DA:52,0
DA:53,0
DA:56,0
DA:57,0
DA:59,0
DA:60,0
DA:62,0
DA:68,0
DA:69,0
DA:70,0
DA:72,0
DA:75,0
DA:79,0
DA:80,0
DA:83,0
DA:84,0
DA:86,0
DA:89,0
DA:90,0
DA:91,0
DA:93,0
DA:96,0
DA:97,0
DA:105,0
DA:107,0
DA:110,0
DA:111,0
DA:112,0
DA:113,0
DA:116,0
DA:117,0
DA:120,0
DA:121,0
DA:122,0
DA:123,0
DA:124,0
DA:125,0
DA:126,0
DA:132,0
DA:134,0
DA:137,0
DA:138,0
DA:139,0
DA:140,0
DA:143,0
DA:145,0
DA:147,0
DA:148,0
DA:149,0
DA:150,0
DA:151,0
DA:153,0
DA:154,0
DA:158,0
DA:159,0
DA:160,0
DA:161,0
DA:162,0
DA:163,0
DA:165,0
DA:174,0
DA:175,0
DA:176,0
DA:177,0
DA:178,0
DA:179,0
DA:180,0
DA:181,0
DA:182,0
DA:184,0
DA:193,0
DA:194,0
DA:196,0
DA:197,0
DA:198,0
DA:199,0
DA:201,0
DA:209,0
DA:219,0
DA:220,0
DA:222,0
DA:223,0
DA:225,0
DA:226,0
DA:228,0
DA:230,0
LF:109
LH:0
FN:19,32,ArtifactBuilder.__init__
FNDA:0,ArtifactBuilder.__init__
FN:34,163,ArtifactBuilder.build_project
FNDA:0,ArtifactBuilder.build_project
FN:165,182,ArtifactBuilder._push_to_registry
FNDA:0,ArtifactBuilder._push_to_registry
FN:184,207,ArtifactBuilder.get_build_status
FNDA:0,ArtifactBuilder.get_build_status
FN:209,230,ArtifactBuilder.list_builds
FNDA:0,ArtifactBuilder.list_builds
FNF:5
FNH:0
end_of_record
SF:jarvis/command_whitelist.py
DA:8,0
DA:9,0
DA:10,0
DA:13,0
DA:15,0
DA:16,0
DA:17,0
DA:18,0
DA:19,0
DA:20,0
DA:23,0
DA:26,0
DA:60,0
DA:189,0
DA:264,0
DA:303,0
DA:304,0
DA:313,0
DA:315,0
DA:316,0
DA:318,0
DA:319,0
DA:320,0
DA:322,0
DA:328,0
DA:329,0
DA:330,0
DA:331,0
DA:338,0
DA:340,0
DA:341,0
DA:350,0
DA:352,0
DA:360,0
DA:361,0
DA:363,0
DA:365,0
DA:366,0
DA:368,0
LF:39
LH:0
FN:304,338,CommandWhitelist.validate_command
FNDA:0,CommandWhitelist.validate_command
FN:341,358,CommandWhitelist.get_command_info
FNDA:0,CommandWhitelist.get_command_info
FN:361,363,CommandWhitelist.list_safe_commands
FNDA:0,CommandWhitelist.list_safe_commands
FN:366,372,CommandWhitelist.list_all_allowed_commands
FNDA:0,CommandWhitelist.list_all_allowed_commands
FNF:4
FNH:0
end_of_record
SF:jarvis/compose_templates.py
DA:2,0
DA:3,0
DA:5,0
DA:31,0
DA:33,0
DA:55,0
DA:56,0
DA:59,0
DA:60,0
DA:63,0
DA:64,0
DA:66,0
DA:69,0
DA:71,0
DA:76,0
DA:78,0
DA:87,0
LF:17
LH:0
FN:5,76,generate_compose_spec
FNDA:0,generate_compose_spec
FN:78,87,compose_to_yaml
FNDA:0,compose_to_yaml
FNF:2
FNH:0
end_of_record
SF:jarvis/deployment_executor.py
DA:2,0
DA:3,0
DA:4,0
DA:5,0
DA:6,0
DA:7,0
DA:8,0
DA:9,0
DA:10,0
DA:11,0
DA:12,0
DA:14,0
DA:16,0
DA:17,0
DA:18,0
DA:19,0
DA:20,0
DA:21,0
DA:24,0
DA:27,0
DA:34,0
DA:35,0
DA:36,0
DA:37,0
DA:38,0
DA:39,0
DA:41,0
DA:42,0
DA:45,0
DA:47,0
DA:49,0
DA:50,0
DA:56,0
DA:57,0
DA:58,0
DA:60,0
DA:61,0
DA:62,0
DA:63,0
DA:64,0
DA:66,0
DA:94,0
DA:95,0
DA:97,0
DA:98,0
DA:100,0
DA:102,0
DA:103,0
DA:104,0
DA:107,0
DA:116,0
DA:117,0
DA:120,0
DA:130,0
DA:131,0
DA:132,0
DA:135,0
DA:145,0
DA:146,0
DA:147,0
DA:149,0
DA:152,0
DA:153,0
DA:155,0
DA:156,0
DA:158,0
DA:160,0
DA:161,0
DA:162,0
DA:163,0
DA:164,0
DA:166,0
DA:168,0
DA:180,0
DA:181,0
DA:183,0
DA:184,0
DA:185,0
DA:187,0
DA:190,0
DA:192,0
DA:200,0
DA:201,0
DA:204,0
DA:212,0
DA:213,0
DA:215,0
DA:217,0
DA:218,0
DA:219,0
DA:220,0
DA:226,0
DA:236,0
DA:237,0
DA:239,0
DA:240,0
DA:242,0
DA:243,0
DA:245,0
DA:246,0
DA:248,0
DA:255,0
DA:256,0
DA:258,0
DA:259,0
DA:261,0
DA:263,0
DA:273,0
DA:274,0
DA:276,0
DA:277,0
DA:279,0
DA:286,0
LF:113
LH:0
FN:27,45,DeploymentExecutor.__init__
FNDA:0,DeploymentExecutor.__init__
FN:47,64,DeploymentExecutor._check_docker_compose_cli
FNDA:0,DeploymentExecutor._check_docker_compose_cli
FN:66,166,DeploymentExecutor.create_deployment
FNDA:0,DeploymentExecutor.create_deployment
FN:168,224,DeploymentExecutor._execute_deployment
FNDA:0,DeploymentExecutor._execute_deployment
FN:226,261,DeploymentExecutor.stop_deployment
FNDA:0,DeploymentExecutor.stop_deployment
FN:263,286,DeploymentExecutor.get_deployment_logs
FNDA:0,DeploymentExecutor.get_deployment_logs
FNF:6
FNH:0
end_of_record
SF:jarvis/dockerfile_templates.py
DA:3,0
DA:92,0
DA:105,0
DA:106,0
DA:107,0
DA:110,0
DA:111,0
DA:112,0
DA:113,0
LF:9
LH:0
FN:92,113,generate_dockerfile
FNDA:0,generate_dockerfile
FNF:1
FNH:0
end_of_record
SF:jarvis/personality_profile.py
DA:5,0
DA:6,0
DA:7,0
DA:10,0
DA:12,0
DA:13,0
DA:14,0
DA:17,0
DA:29,0
DA:32,0
DA:43,0
DA:81,0
DA:111,0
DA:121,0
DA:131,0
DA:140,0
DA:141,0
DA:143,0
DA:145,0
DA:146,0
DA:163,0
DA:165,0
DA:167,0
DA:168,0
DA:171,0
DA:172,0
DA:173,0
DA:174,0
DA:176,0
DA:177,0
DA:194,0
DA:195,0
DA:198,0
DA:200,0
DA:201,0
DA:202,0
DA:203,0
DA:205,0
DA:206,0
DA:208,0
DA:210,0
DA:211,0
DA:222,0
DA:223,0
DA:224,0
DA:225,0
DA:227,0
DA:228,0
DA:230,0
DA:233,0
DA:239,0
DA:240,0
DA:241,0
DA:243,0
DA:262,0
DA:264,0
DA:265,0
DA:270,0
DA:272,0
DA:274,0
DA:280,0
DA:288,0
DA:290,0
DA:291,0
DA:298,0
DA:300,0
DA:305,0
DA:313,0
DA:315,0
DA:316,0
DA:322,0
DA:324,0
DA:329,0
DA:336,0
DA:338,0
DA:339,0
DA:344,0
DA:346,0
DA:351,0
DA:358,0
DA:360,0
DA:361,0
DA:366,0
DA:368,0
DA:370,0
DA:375,0
DA:385,0
DA:391,0
DA:393,0
DA:397,0
LF:90
LH:0
FN:141,143,PersonalityProfile.get_greeting
FNDA:0,PersonalityProfile.get_greeting
FN:146,174,PersonalityProfile.get_success_message
FNDA:0,PersonalityProfile.get_success_message
FN:177,203,PersonalityProfile.get_error_message
FNDA:0,PersonalityProfile.get_error_message
FN:206,208,PersonalityProfile.get_working_message
FNDA:0,PersonalityProfile.get_working_message
FN:211,225,PersonalityProfile.add_humanity_theme
FNDA:0,PersonalityProfile.add_humanity_theme
FN:228,230,PersonalityProfile.should_add_humor
FNDA:0,PersonalityProfile.should_add_humor
FN:239,241,PersonalityOrchestrator.__init__
FNDA:0,PersonalityOrchestrator.__init__
FN:243,278,PersonalityOrchestrator.enhance_deployment_response
FNDA:0,PersonalityOrchestrator.enhance_deployment_response
FN:280,303,PersonalityOrchestrator.enhance_database_response
FNDA:0,PersonalityOrchestrator.enhance_database_response
FN:305,327,PersonalityOrchestrator.enhance_ssl_response
FNDA:0,PersonalityOrchestrator.enhance_ssl_response
FN:329,349,PersonalityOrchestrator.enhance_smart_home_response
FNDA:0,PersonalityOrchestrator.enhance_smart_home_response
FN:351,373,PersonalityOrchestrator.enhance_automation_response
FNDA:0,PersonalityOrchestrator.enhance_automation_response
FN:375,389,PersonalityOrchestrator.wrap_error
FNDA:0,PersonalityOrchestrator.wrap_error
FN:391,393,PersonalityOrchestrator.get_greeting
FNDA:0,PersonalityOrchestrator.get_greeting
FNF:14
FNH:0
end_of_record
SF:jarvis/safe_executor.py
DA:12,0
DA:13,0
DA:14,0
DA:15,0
DA:16,0
DA:17,0
DA:18,0
DA:19,0
DA:21,0
DA:24,0
DA:27,0
DA:29,0
DA:30,0
DA:31,0
DA:34,0
DA:35,0
DA:37,0
DA:38,0
DA:39,0
DA:40,0
DA:41,0
DA:42,0
DA:43,0
DA:44,0
DA:45,0
DA:46,0
DA:47,0
DA:49,0
DA:51,0
DA:66,0
DA:69,0
DA:82,0
DA:83,0
DA:84,0
DA:86,0
DA:88,0
DA:90,0
DA:92,0
DA:93,0
DA:95,0
DA:96,0
DA:98,0
DA:102,0
DA:104,0
DA:106,0
DA:112,0
DA:114,0
DA:119,0
DA:120,0
DA:122,0
DA:124,0
DA:131,0
DA:143,0
DA:145,0
DA:154,0
DA:156,0
DA:166,0
DA:167,0
DA:169,0
DA:171,0
DA:173,0
DA:187,0
DA:189,0
DA:191,0
DA:193,0
DA:213,0
DA:214,0
DA:216,0
DA:218,0
DA:219,0
DA:233,0
DA:234,0
DA:235,0
DA:237,0
DA:238,0
DA:239,0
DA:253,0
DA:254,0
DA:255,0
DA:257,0
DA:258,0
DA:272,0
DA:273,0
DA:274,0
DA:276,0
DA:278,0
DA:280,0
DA:281,0
DA:283,0
DA:293,0
DA:295,0
DA:309,0
DA:311,0
DA:317,0
DA:319,0
DA:320,0
DA:322,0
DA:336,0
DA:337,0
DA:338,0
DA:340,0
DA:341,0
DA:343,0
DA:357,0
DA:358,0
DA:359,0
DA:361,0
DA:370,0
DA:372,0
DA:374,0
LF:110
LH:0
FN:49,63,ExecutionResult.to_dict
FNDA:0,ExecutionResult.to_dict
FN:69,88,SafeCommandExecutor.__init__
FNDA:0,SafeCommandExecutor.__init__
FN:90,104,SafeCommandExecutor._setup_audit_logging
FNDA:0,SafeCommandExecutor._setup_audit_logging
FN:106,122,SafeCommandExecutor._check_rate_limit
FNDA:0,SafeCommandExecutor._check_rate_limit
FN:124,143,SafeCommandExecutor._log_audit
FNDA:0,SafeCommandExecutor._log_audit
FN:145,154,SafeCommandExecutor.validate_command
FNDA:0,SafeCommandExecutor.validate_command
FN:156,191,SafeCommandExecutor.dry_run
FNDA:0,SafeCommandExecutor.dry_run
FN:193,359,SafeCommandExecutor.execute
FNDA:0,SafeCommandExecutor.execute
FN:361,370,SafeCommandExecutor.get_command_info
FNDA:0,SafeCommandExecutor.get_command_info
FN:372,374,SafeCommandExecutor.list_safe_commands
FNDA:0,SafeCommandExecutor.list_safe_commands
FNF:10
FNH:0
end_of_record
SF:models/__init__.py
DA:1,0
DA:2,0
DA:3,0
DA:4,0
DA:6,0
DA:8,0
DA:9,0
DA:10,0
DA:11,0
DA:12,0
DA:14,0
DA:15,0
DA:16,0
DA:17,0
DA:19,0
DA:20,0
DA:21,0
DA:22,0
DA:23,0
DA:24,0
DA:25,0
DA:26,0
DA:28,0
LF:23
LH:0
FN:8,12,get_engine
FNDA:0,get_engine
FN:14,17,get_session
FNDA:0,get_session
FNF:2
FNH:0
end_of_record
SF:models/artifact.py
DA:1,0
DA:2,0
DA:3,0
DA:4,0
DA:5,0
DA:6,0
DA:7,0
DA:8,0
DA:9,0
DA:11,0
DA:12,0
DA:13,0
DA:14,0
DA:15,0
DA:17,0
DA:18,0
DA:19,0
DA:20,0
DA:21,0
DA:23,0
DA:24,0
DA:26,0
DA:27,0
DA:28,0
DA:29,0
DA:30,0
DA:31,0
DA:32,0
DA:33,0
DA:34,0
DA:35,0
DA:36,0
DA:37,0
DA:39,0
DA:40,0
DA:41,0
DA:42,0
DA:44,0
DA:45,0
DA:47,0
DA:48,0
LF:41
LH:0
FN:44,45,Artifact.__repr__
FNDA:0,Artifact.__repr__
FN:47,65,Artifact.to_dict
FNDA:0,Artifact.to_dict
FNF:2
FNH:0
end_of_record
SF:models/deployment.py
DA:1,0
DA:2,0
DA:3,0
DA:4,0
DA:5,0
DA:6,0
DA:7,0
DA:8,0
DA:9,0
DA:16,0
DA:17,0
DA:18,0
DA:19,0
DA:20,0
DA:21,0
DA:23,0
DA:24,0
DA:25,0
DA:26,0
DA:28,0
DA:29,0
DA:31,0
DA:32,0
DA:33,0
DA:34,0
DA:35,0
DA:36,0
DA:37,0
DA:38,0
DA:39,0
DA:40,0
DA:41,0
DA:42,0
DA:43,0
DA:44,0
DA:45,0
DA:46,0
DA:47,0
DA:49,0
DA:50,0
DA:51,0
DA:52,0
DA:53,0
DA:55,0
DA:56,0
DA:58,0
DA:59,0
LF:47
LH:0
FN:55,56,Deployment.__repr__
FNDA:0,Deployment.__repr__
FN:58,77,Deployment.to_dict
FNDA:0,Deployment.to_dict
FNF:2
FNH:0
end_of_record
SF:models/domain_record.py
DA:1,0
DA:2,0
DA:3,0
DA:4,0
DA:5,0
DA:6,0
DA:7,0
DA:8,0
DA:9,0
DA:14,0
DA:15,0
DA:16,0
DA:17,0
DA:18,0
DA:19,0
DA:21,0
DA:22,0
DA:23,0
DA:24,0
DA:25,0
DA:27,0
DA:28,0
DA:30,0
DA:31,0
DA:32,0
DA:33,0
DA:34,0
DA:35,0
DA:36,0
DA:37,0
DA:38,0
DA:39,0
DA:40,0
DA:41,0
DA:42,0
DA:43,0
DA:44,0
DA:45,0
DA:46,0
DA:47,0
DA:49,0
DA:51,0
DA:52,0
DA:54,0
DA:55,0
LF:45
LH:0
FN:51,52,DomainRecord.__repr__
FNDA:0,DomainRecord.__repr__
FN:54,74,DomainRecord.to_dict
FNDA:0,DomainRecord.to_dict
FNF:2
FNH:0
end_of_record
SF:models/google_integration.py
DA:2,0
DA:3,0
DA:4,0
DA:5,0
DA:6,0
DA:7,0
DA:8,0
DA:9,0
DA:10,0
DA:13,0
DA:15,0
DA:16,0
DA:17,0
DA:18,0
DA:21,0
DA:23,0
DA:24,0
DA:25,0
DA:28,0
DA:30,0
DA:31,0
DA:32,0
DA:35,0
DA:37,0
DA:38,0
DA:39,0
DA:40,0
DA:43,0
DA:45,0
DA:47,0
DA:48,0
DA:49,0
DA:53,0
DA:54,0
DA:55,0
DA:56,0
DA:57,0
DA:58,0
DA:64,0
DA:65,0
DA:67,0
DA:68,0
DA:81,0
DA:83,0
DA:85,0
DA:86,0
DA:87,0
DA:88,0
DA:89,0
DA:90,0
DA:91,0
DA:92,0
DA:93,0
DA:94,0
DA:95,0
DA:96,0
DA:100,0
DA:101,0
DA:102,0
DA:103,0
DA:104,0
DA:105,0
DA:111,0
DA:112,0
DA:114,0
DA:115,0
DA:137,0
DA:139,0
DA:141,0
DA:142,0
DA:143,0
DA:144,0
DA:145,0
DA:149,0
DA:150,0
DA:151,0
DA:152,0
DA:153,0
DA:154,0
DA:155,0
DA:157,0
DA:158,0
DA:160,0
DA:161,0
DA:177,0
DA:179,0
DA:181,0
DA:182,0
DA:183,0
DA:184,0
DA:185,0
DA:186,0
DA:187,0
DA:188,0
DA:192,0
DA:193,0
DA:194,0
DA:195,0
DA:196,0
DA:197,0
DA:198,0
DA:199,0
DA:200,0
DA:201,0
DA:202,0
DA:208,0
DA:209,0
DA:211,0
DA:212,0
LF:109
LH:0
FN:64,65,GoogleServiceStatus.__repr__
FNDA:0,GoogleServiceStatus.__repr__
FN:67,78,GoogleServiceStatus.to_dict
FNDA:0,GoogleServiceStatus.to_dict
FN:111,112,CalendarAutomation.__repr__
FNDA:0,CalendarAutomation.__repr__
FN:114,134,CalendarAutomation.to_dict
FNDA:0,CalendarAutomation.to_dict
FN:157,158,EmailNotification.__repr__
FNDA:0,EmailNotification.__repr__
FN:160,174,EmailNotification.to_dict
FNDA:0,EmailNotification.to_dict
FN:208,209,DriveBackup.__repr__
FNDA:0,DriveBackup.__repr__
FN:211,232,DriveBackup.to_dict
FNDA:0,DriveBackup.to_dict
FNF:8
FNH:0
end_of_record
SF:models/jarvis.py
DA:2,0
DA:3,0
DA:4,0
DA:5,0
DA:6,0
DA:7,0
DA:8,0
DA:13,0
DA:15,0
DA:17,0
DA:18,0
DA:19,0
DA:20,0
DA:21,0
DA:22,0
DA:23,0
DA:24,0
DA:25,0
DA:26,0
DA:27,0
DA:29,0
DA:30,0
DA:31,0
DA:33,0
DA:34,0
DA:36,0
DA:37,0
DA:51,0
DA:53,0
DA:55,0
DA:56,0
DA:57,0
DA:58,0
DA:59,0
DA:60,0
DA:61,0
DA:62,0
DA:63,0
DA:64,0
DA:65,0
DA:66,0
DA:67,0
DA:69,0
DA:70,0
DA:72,0
DA:73,0
DA:75,0
DA:76,0
DA:92,0
DA:94,0
DA:96,0
DA:97,0
DA:98,0
DA:99,0
DA:100,0
DA:101,0
DA:102,0
DA:103,0
DA:104,0
DA:105,0
DA:106,0
DA:108,0
DA:110,0
DA:111,0
DA:113,0
DA:114,0
DA:128,0
DA:130,0
DA:132,0
DA:133,0
DA:134,0
DA:135,0
DA:136,0
DA:137,0
DA:138,0
DA:139,0
DA:140,0
DA:141,0
DA:142,0
DA:143,0
DA:144,0
DA:145,0
DA:146,0
DA:148,0
DA:149,0
DA:151,0
DA:152,0
DA:170,0
DA:172,0
DA:174,0
DA:175,0
DA:176,0
DA:177,0
DA:178,0
DA:179,0
DA:180,0
DA:181,0
DA:182,0
DA:183,0
DA:184,0
DA:185,0
DA:187,0
DA:189,0
DA:190,0
DA:192,0
DA:193,0
LF:106
LH:0
FN:33,34,Project.__repr__
FNDA:0,Project.__repr__
FN:36,49,Project.to_dict
FNDA:0,Project.to_dict
FN:72,73,ArtifactBuild.__repr__
FNDA:0,ArtifactBuild.__repr__
FN:75,90,ArtifactBuild.to_dict
FNDA:0,ArtifactBuild.to_dict
FN:110,111,ComposeSpec.__repr__
FNDA:0,ComposeSpec.__repr__
FN:113,126,ComposeSpec.to_dict
FNDA:0,ComposeSpec.to_dict
FN:148,149,SSLCertificate.__repr__
FNDA:0,SSLCertificate.__repr__
FN:151,168,SSLCertificate.to_dict
FNDA:0,SSLCertificate.to_dict
FN:189,190,AISession.__repr__
FNDA:0,AISession.__repr__
FN:192,206,AISession.to_dict
FNDA:0,AISession.to_dict
FNF:10
FNH:0
end_of_record
SF:models/jarvis_action.py
DA:3,0
DA:4,0
DA:5,0
DA:6,0
DA:7,0
DA:8,0
DA:9,0
DA:10,0
DA:13,0
DA:15,0
DA:16,0
DA:17,0
DA:18,0
DA:19,0
DA:20,0
DA:23,0
DA:25,0
DA:26,0
DA:27,0
DA:28,0
DA:31,0
DA:37,0
DA:39,0
DA:45,0
DA:51,0
DA:58,0
DA:60,0
DA:62,0
DA:64,0
DA:66,0
DA:72,0
DA:74,0
DA:76,0
DA:78,0
DA:80,0
DA:82,0
DA:84,0
DA:86,0
DA:88,0
DA:90,0
DA:92,0
DA:94,0
DA:96,0
DA:98,0
DA:100,0
DA:106,0
DA:113,0
DA:114,0
DA:121,0
DA:123,0
DA:150,0
DA:152,0
DA:154,0
DA:156,0
DA:158,0
DA:160,0
DA:162,0
DA:164,0
DA:165,0
DA:166,0
LF:60
LH:0
FN:113,119,JarvisAction.__repr__
FNDA:0,JarvisAction.__repr__
FN:121,148,JarvisAction.to_dict
FNDA:0,JarvisAction.to_dict
FN:150,152,JarvisAction.can_approve
FNDA:0,JarvisAction.can_approve
FN:154,156,JarvisAction.can_reject
FNDA:0,JarvisAction.can_reject
FN:158,160,JarvisAction.can_execute
FNDA:0,JarvisAction.can_execute
FN:162,166,JarvisAction.is_expired
FNDA:0,JarvisAction.is_expired
FNF:6
FNH:0
end_of_record
SF:models/task.py
DA:1,0
DA:2,0
DA:3,0
DA:4,0
DA:5,0
DA:6,0
DA:7,0
DA:8,0
DA:9,0
DA:14,0
DA:15,0
DA:16,0
DA:17,0
DA:19,0
DA:20,0
DA:21,0
DA:22,0
DA:23,0
DA:25,0
DA:26,0
DA:27,0
DA:28,0
DA:29,0
DA:31,0
DA:32,0
DA:34,0
DA:35,0
DA:36,0
DA:37,0
DA:38,0
DA:39,0
DA:40,0
DA:41,0
DA:42,0
DA:43,0
DA:44,0
DA:45,0
DA:47,0
DA:49,0
DA:50,0
DA:52,0
DA:53,0
LF:42
LH:0
FN:49,50,Task.__repr__
FNDA:0,Task.__repr__
FN:52,66,Task.to_dict
FNDA:0,Task.to_dict
FNF:2
FNH:0
end_of_record
SF:models/workflow.py
DA:1,0
DA:2,0
DA:3,0
DA:4,0
DA:5,0
DA:6,0
DA:7,0
DA:8,0
DA:9,0
DA:11,0
DA:12,0
DA:13,0
DA:14,0
DA:15,0
DA:16,0
DA:18,0
DA:19,0
DA:21,0
DA:22,0
DA:23,0
DA:24,0
DA:25,0
DA:26,0
DA:27,0
DA:28,0
DA:29,0
DA:30,0
DA:31,0
DA:33,0
DA:34,0
DA:36,0
DA:37,0
LF:32
LH:0
FN:33,34,Workflow.__repr__
FNDA:0,Workflow.__repr__
FN:36,49,Workflow.to_dict
FNDA:0,Workflow.to_dict
FNF:2
FNH:0
end_of_record
SF:routes/__init__.py
end_of_record
SF:routes/analysis_routes.py
DA:1,0
DA:2,0
DA:3,0
DA:4,0
DA:5,0
DA:6,0
DA:7,0
DA:9,0
DA:10,0
DA:11,0
DA:12,0
DA:14,0
DA:16,0
DA:19,0
DA:21,0
DA:22,0
DA:23,0
DA:24,0
DA:25,0
DA:26,0
DA:29,0
DA:30,0
DA:31,0
DA:41,0
DA:42,0
DA:43,0
DA:45,0
DA:46,0
DA:48,0
DA:49,0
DA:50,0
DA:52,0
DA:53,0
DA:54,0
DA:60,0
DA:61,0
DA:62,0
DA:64,0
DA:66,0
DA:68,0
DA:76,0
DA:77,0
DA:78,0
DA:81,0
DA:82,0
DA:83,0
DA:93,0
DA:94,0
DA:95,0
DA:97,0
DA:98,0
DA:100,0
DA:101,0
DA:102,0
DA:104,0
DA:113,0
DA:115,0
DA:117,0
DA:118,0
DA:119,0
DA:122,0
DA:123,0
DA:124,0
DA:134,0
DA:135,0
DA:136,0
DA:138,0
DA:139,0
DA:141,0
DA:142,0
DA:143,0
DA:145,0
DA:146,0
DA:147,0
DA:152,0
DA:153,0
DA:154,0
DA:159,0
DA:160,0
DA:161,0
DA:162,0
DA:169,0
DA:177,0
DA:179,0
DA:181,0
DA:182,0
DA:183,0
DA:186,0
DA:187,0
DA:188,0
DA:198,0
DA:199,0
DA:200,0
DA:202,0
DA:204,0
DA:205,0
DA:207,0
DA:209,0
DA:210,0
DA:211,0
DA:213,0
DA:214,0
DA:215,0
DA:217,0
DA:224,0
DA:225,0
DA:227,0
DA:228,0
DA:229,0
DA:232,0
DA:233,0
DA:234,0
DA:244,0
DA:245,0
DA:246,0
DA:248,0
DA:249,0
DA:251,0
DA:252,0
DA:253,0
DA:255,0
DA:256,0
DA:258,0
DA:260,0
DA:261,0
DA:262,0
LF:126
LH:0
FN:19,26,login_required
FNDA:0,login_required
FN:22,25,login_required.decorated_function
FNDA:0,login_required.decorated_function
FN:31,78,trigger_analysis
FNDA:0,trigger_analysis
FN:83,119,get_analysis_status
FNDA:0,get_analysis_status
FN:124,183,get_analysis_result
FNDA:0,get_analysis_result
FN:188,229,analyze_preview
FNDA:0,analyze_preview
FN:234,262,analysis_result_page
FNDA:0,analysis_result_page
FNF:7
FNH:0
end_of_record
SF:routes/api.py
DA:1,0
DA:2,0
DA:3,0
DA:4,0
DA:5,0
DA:6,0
DA:7,0
DA:8,0
DA:9,0
DA:10,0
DA:11,0
DA:12,0
DA:13,0
DA:14,0
DA:15,0
DA:16,0
DA:17,0
DA:19,0
DA:21,0
DA:23,0
DA:24,0
DA:25,0
DA:26,0
DA:27,0
DA:28,0
DA:29,0
DA:31,0
DA:33,0
DA:34,0
DA:35,0
DA:36,0
DA:38,0
DA:39,0
DA:40,0
DA:41,0
DA:42,0
DA:43,0
DA:44,0
DA:45,0
DA:46,0
DA:48,0
DA:49,0
DA:50,0
DA:51,0
DA:52,0
DA:53,0
DA:54,0
DA:55,0
DA:56,0
DA:58,0
DA:59,0
DA:60,0
DA:61,0
DA:62,0
DA:63,0
DA:64,0
DA:65,0
DA:66,0
DA:68,0
DA:69,0
DA:70,0
DA:71,0
DA:72,0
DA:73,0
DA:74,0
DA:75,0
DA:76,0
DA:78,0
DA:79,0
DA:80,0
DA:81,0
DA:82,0
DA:84,0
DA:90,0
DA:91,0
DA:92,0
DA:94,0
DA:95,0
DA:96,0
DA:97,0
DA:99,0
DA:100,0
DA:106,0
DA:110,0
DA:111,0
DA:112,0
DA:117,0
DA:123,0
DA:124,0
DA:125,0
DA:127,0
DA:128,0
DA:129,0
DA:130,0
DA:131,0
DA:133,0
DA:134,0
DA:135,0
DA:141,0
DA:147,0
DA:148,0
DA:151,0
DA:152,0
DA:153,0
DA:158,0
DA:164,0
DA:165,0
DA:166,0
DA:168,0
DA:169,0
DA:170,0
DA:172,0
DA:173,0
DA:174,0
DA:175,0
DA:176,0
DA:177,0
DA:178,0
DA:180,0
DA:181,0
DA:187,0
DA:188,0
DA:189,0
DA:194,0
DA:198,0
DA:199,0
DA:200,0
DA:205,0
DA:207,0
DA:213,0
DA:214,0
DA:215,0
DA:217,0
DA:218,0
DA:219,0
DA:220,0
DA:222,0
DA:223,0
DA:224,0
DA:225,0
DA:227,0
DA:228,0
DA:229,0
DA:230,0
DA:232,0
DA:233,0
DA:234,0
DA:235,0
DA:236,0
DA:242,0
DA:243,0
DA:248,0
DA:249,0
DA:250,0
DA:254,0
DA:255,0
DA:256,0
DA:261,0
DA:267,0
DA:268,0
DA:270,0
DA:272,0
DA:277,0
DA:279,0
DA:280,0
DA:284,0
DA:290,0
DA:291,0
DA:292,0
DA:293,0
DA:294,0
DA:295,0
DA:296,0
DA:297,0
DA:298,0
DA:300,0
DA:301,0
DA:302,0
DA:303,0
DA:304,0
DA:305,0
DA:306,0
DA:307,0
DA:309,0
DA:310,0
DA:311,0
DA:312,0
DA:314,0
DA:315,0
DA:316,0
DA:317,0
DA:318,0
DA:319,0
DA:320,0
DA:321,0
DA:327,0
DA:328,0
DA:329,0
DA:330,0
DA:332,0
DA:333,0
DA:334,0
DA:335,0
DA:336,0
DA:337,0
DA:338,0
DA:339,0
DA:345,0
DA:346,0
DA:347,0
DA:348,0
DA:350,0
DA:351,0
DA:352,0
DA:353,0
DA:354,0
DA:355,0
DA:356,0
DA:357,0
DA:363,0
DA:364,0
DA:365,0
DA:366,0
DA:368,0
DA:369,0
DA:370,0
DA:371,0
DA:372,0
DA:373,0
DA:374,0
DA:375,0
DA:376,0
DA:378,0
DA:379,0
DA:380,0
DA:381,0
DA:383,0
DA:384,0
DA:385,0
DA:386,0
DA:387,0
DA:388,0
DA:389,0
DA:398,0
DA:399,0
DA:400,0
DA:401,0
DA:402,0
DA:404,0
DA:405,0
DA:406,0
DA:407,0
DA:409,0
DA:411,0
DA:413,0
DA:414,0
DA:415,0
DA:416,0
DA:418,0
DA:419,0
DA:420,0
DA:421,0
DA:422,0
DA:423,0
DA:424,0
DA:426,0
DA:427,0
DA:429,0
DA:430,0
DA:431,0
DA:432,0
DA:433,0
DA:435,0
DA:436,0
DA:437,0
DA:438,0
DA:439,0
DA:440,0
DA:441,0
DA:443,0
DA:444,0
DA:446,0
DA:447,0
DA:448,0
DA:449,0
DA:450,0
DA:452,0
DA:453,0
DA:454,0
DA:455,0
DA:456,0
DA:457,0
DA:458,0
DA:460,0
DA:461,0
DA:463,0
DA:464,0
DA:465,0
DA:466,0
DA:467,0
DA:469,0
DA:483,0
DA:489,0
DA:490,0
DA:492,0
DA:493,0
DA:495,0
DA:496,0
DA:498,0
DA:499,0
DA:500,0
DA:501,0
DA:502,0
DA:504,0
DA:506,0
DA:507,0
DA:509,0
DA:510,0
DA:512,0
DA:513,0
DA:515,0
DA:516,0
DA:517,0
DA:519,0
DA:520,0
DA:522,0
DA:523,0
DA:524,0
DA:526,0
DA:527,0
DA:529,0
DA:531,0
DA:532,0
DA:533,0
DA:534,0
DA:535,0
DA:536,0
DA:538,0
DA:539,0
DA:541,0
DA:542,0
DA:543,0
DA:544,0
DA:546,0
DA:547,0
DA:548,0
DA:549,0
DA:551,0
DA:552,0
DA:553,0
DA:555,0
DA:562,0
DA:563,0
DA:565,0
DA:570,0
DA:571,0
DA:572,0
DA:574,0
DA:575,0
DA:576,0
DA:577,0
DA:578,0
DA:579,0
DA:580,0
DA:581,0
DA:582,0
DA:584,0
DA:585,0
DA:586,0
DA:587,0
DA:588,0
DA:590,0
DA:591,0
DA:593,0
DA:594,0
DA:595,0
DA:596,0
DA:597,0
DA:599,0
DA:600,0
DA:602,0
DA:610,0
DA:611,0
DA:612,0
DA:613,0
DA:615,0
DA:616,0
DA:617,0
DA:618,0
DA:619,0
DA:620,0
DA:621,0
DA:622,0
DA:623,0
DA:624,0
DA:626,0
DA:627,0
DA:628,0
DA:629,0
DA:630,0
DA:631,0
DA:633,0
DA:634,0
DA:635,0
DA:636,0
DA:637,0
DA:639,0
DA:640,0
DA:641,0
DA:642,0
DA:643,0
DA:644,0
DA:646,0
DA:647,0
DA:648,0
DA:649,0
DA:650,0
DA:652,0
DA:653,0
DA:654,0
DA:655,0
DA:656,0
DA:657,0
DA:658,0
DA:664,0
DA:665,0
DA:666,0
DA:667,0
DA:669,0
DA:670,0
DA:671,0
DA:672,0
DA:673,0
DA:675,0
DA:676,0
DA:677,0
DA:680,0
DA:681,0
DA:682,0
DA:684,0
DA:685,0
DA:686,0
DA:687,0
DA:688,0
DA:689,0
DA:690,0
DA:691,0
DA:692,0
DA:693,0
DA:694,0
DA:695,0
DA:698,0
DA:700,0
DA:702,0
DA:711,0
DA:712,0
DA:713,0
DA:714,0
DA:716,0
DA:717,0
DA:718,0
DA:719,0
DA:720,0
DA:721,0
DA:722,0
DA:723,0
DA:724,0
DA:726,0
DA:727,0
DA:728,0
DA:729,0
DA:730,0
DA:731,0
DA:732,0
DA:733,0
DA:734,0
DA:736,0
DA:737,0
DA:738,0
DA:739,0
DA:740,0
DA:741,0
DA:742,0
DA:743,0
DA:744,0
DA:746,0
DA:747,0
DA:748,0
DA:749,0
DA:750,0
DA:751,0
DA:752,0
DA:753,0
DA:754,0
DA:756,0
DA:757,0
DA:758,0
DA:759,0
DA:760,0
DA:761,0
DA:762,0
DA:763,0
DA:765,0
DA:766,0
DA:767,0
DA:768,0
DA:770,0
DA:771,0
DA:772,0
DA:773,0
DA:774,0
DA:775,0
DA:776,0
DA:777,0
DA:778,0
DA:780,0
DA:781,0
DA:782,0
DA:783,0
DA:784,0
DA:786,0
DA:787,0
DA:789,0
DA:790,0
DA:791,0
DA:792,0
DA:793,0
DA:795,0
DA:796,0
DA:797,0
DA:798,0
DA:799,0
DA:800,0
DA:801,0
DA:802,0
DA:803,0
DA:805,0
DA:806,0
DA:807,0
DA:808,0
DA:809,0
DA:810,0
DA:811,0
DA:812,0
DA:813,0
DA:814,0
DA:816,0
DA:817,0
DA:818,0
DA:828,0
DA:829,0
DA:830,0
DA:832,0
DA:833,0
DA:835,0
DA:837,0
DA:838,0
DA:840,0
DA:841,0
DA:843,0
DA:844,0
DA:849,0
DA:850,0
DA:851,0
DA:853,0
DA:854,0
DA:859,0
DA:861,0
DA:862,0
DA:863,0
DA:865,0
DA:866,0
DA:868,0
DA:871,0
DA:874,0
DA:876,0
DA:883,0
DA:885,0
DA:892,0
DA:893,0
DA:894,0
DA:896,0
DA:897,0
DA:898,0
DA:905,0
DA:906,0
DA:907,0
DA:909,0
DA:910,0
DA:912,0
DA:913,0
DA:914,0
DA:915,0
DA:922,0
DA:929,0
DA:930,0
DA:931,0
DA:933,0
DA:934,0
DA:935,0
DA:942,0
DA:943,0
DA:944,0
DA:946,0
DA:947,0
DA:949,0
DA:950,0
DA:951,0
DA:952,0
DA:955,0
DA:958,0
DA:960,0
DA:967,0
DA:969,0
DA:974,0
DA:979,0
DA:980,0
DA:981,0
LF:618
LH:0
FN:33,36,validate_container_name
FNDA:0,validate_container_name
FN:40,46,get_system_info
FNDA:0,get_system_info
FN:50,56,get_processes
FNDA:0,get_processes
FN:60,66,get_system_stats
FNDA:0,get_system_stats
FN:70,76,get_disk_info
FNDA:0,get_disk_info
FN:80,288,celery_health
FNDA:0,celery_health
FN:292,298,list_containers
FNDA:0,list_containers
FN:302,312,get_container_status
FNDA:0,get_container_status
FN:316,330,start_container
FNDA:0,start_container
FN:334,348,stop_container
FNDA:0,stop_container
FN:352,366,restart_container
FNDA:0,restart_container
FN:370,381,get_container_logs
FNDA:0,get_container_logs
FN:385,416,get_services_status
FNDA:0,get_services_status
FN:420,433,analyze_logs
FNDA:0,analyze_logs
FN:437,450,ai_chat
FNDA:0,ai_chat
FN:454,467,troubleshoot
FNDA:0,troubleshoot
FN:492,504,validate_safe_path
FNDA:0,validate_safe_path
FN:506,517,parse_docker_logs_command
FNDA:0,parse_docker_logs_command
FN:519,529,is_command_allowed
FNDA:0,is_command_allowed
FN:533,572,execute_script
FNDA:0,execute_script
FN:576,582,list_databases
FNDA:0,list_databases
FN:586,613,create_database
FNDA:0,create_database
FN:617,624,get_database_info
FNDA:0,get_database_info
FN:628,637,delete_database
FNDA:0,delete_database
FN:641,650,backup_database
FNDA:0,backup_database
FN:654,667,get_database_templates
FNDA:0,get_database_templates
FN:671,714,get_connection_examples
FNDA:0,get_connection_examples
FN:718,724,get_network_stats
FNDA:0,get_network_stats
FN:728,734,get_network_interfaces
FNDA:0,get_network_interfaces
FN:738,744,get_network_connections
FNDA:0,get_network_connections
FN:748,754,get_listening_ports
FNDA:0,get_listening_ports
FN:758,768,get_network_bandwidth
FNDA:0,get_network_bandwidth
FN:772,778,get_domains_status
FNDA:0,get_domains_status
FN:782,793,check_specific_domain
FNDA:0,check_specific_domain
FN:797,803,get_ssl_certificates
FNDA:0,get_ssl_certificates
FN:807,814,get_recent_activity
FNDA:0,get_recent_activity
FN:818,894,upload_service_favicon
FNDA:0,upload_service_favicon
FN:898,931,get_service_favicon
FNDA:0,get_service_favicon
FN:935,981,delete_service_favicon
FNDA:0,delete_service_favicon
FNF:39
FNH:0
end_of_record
SF:routes/artifact_routes.py
DA:2,0
DA:3,0
DA:4,0
DA:6,0
DA:7,0
DA:8,0
DA:10,0
DA:12,0
DA:15,0
DA:17,0
DA:18,0
DA:19,0
DA:20,0
DA:21,0
DA:22,0
DA:25,0
DA:26,0
DA:27,0
DA:39,0
DA:40,0
DA:41,0
DA:43,0
DA:44,0
DA:45,0
DA:47,0
DA:48,0
DA:50,0
DA:51,0
DA:52,0
DA:53,0
DA:56,0
DA:59,0
DA:61,0
DA:63,0
DA:65,0
DA:66,0
DA:67,0
DA:70,0
DA:71,0
DA:72,0
DA:81,0
DA:82,0
DA:83,0
DA:85,0
DA:86,0
DA:88,0
DA:90,0
DA:91,0
DA:92,0
DA:95,0
DA:96,0
DA:97,0
DA:106,0
DA:107,0
DA:108,0
DA:110,0
DA:111,0
DA:112,0
DA:113,0
DA:115,0
DA:122,0
DA:123,0
DA:124,0
DA:127,0
DA:128,0
DA:129,0
DA:139,0
DA:140,0
DA:141,0
DA:143,0
DA:144,0
DA:146,0
DA:147,0
DA:149,0
DA:151,0
DA:152,0
DA:153,0
DA:156,0
DA:157,0
DA:158,0
DA:164,0
DA:166,0
LF:82
LH:0
FN:15,22,login_required
FNDA:0,login_required
FN:18,21,login_required.decorated_function
FNDA:0,login_required.decorated_function
FN:27,67,build_artifact
FNDA:0,build_artifact
FN:72,92,get_build_status
FNDA:0,get_build_status
FN:97,124,get_build_logs
FNDA:0,get_build_logs
FN:129,153,list_builds
FNDA:0,list_builds
FN:158,169,list_templates
FNDA:0,list_templates
FNF:7
FNH:0
end_of_record
SF:routes/deployment_api.py
DA:6,0
DA:7,0
DA:8,0
DA:9,0
DA:10,0
DA:12,0
DA:14,0
DA:17,0
DA:18,0
DA:21,0
DA:22,0
DA:23,0
DA:25,0
DA:26,0
DA:27,0
DA:29,0
DA:48,0
DA:49,0
DA:50,0
DA:53,0
DA:54,0
DA:55,0
DA:57,0
DA:58,0
DA:59,0
DA:60,0
DA:62,0
DA:77,0
DA:78,0
DA:79,0
DA:82,0
DA:83,0
DA:84,0
DA:86,0
DA:87,0
DA:90,0
DA:91,0
DA:92,0
DA:93,0
DA:98,0
DA:99,0
DA:100,0
DA:101,0
DA:102,0
DA:105,0
DA:113,0
DA:114,0
DA:120,0
DA:122,0
DA:123,0
DA:124,0
DA:127,0
DA:128,0
DA:129,0
DA:131,0
DA:132,0
DA:133,0
DA:137,0
DA:138,0
DA:139,0
DA:142,0
DA:143,0
DA:144,0
DA:146,0
DA:147,0
DA:148,0
DA:149,0
DA:151,0
DA:155,0
DA:156,0
DA:157,0
DA:160,0
DA:161,0
DA:162,0
DA:164,0
DA:165,0
DA:167,0
DA:169,0
DA:170,0
DA:172,0
DA:174,0
DA:175,0
DA:176,0
DA:179,0
DA:180,0
DA:181,0
DA:183,0
DA:184,0
DA:185,0
DA:187,0
DA:189,0
DA:190,0
DA:192,0
DA:194,0
DA:195,0
DA:196,0
DA:199,0
DA:200,0
DA:201,0
DA:203,0
DA:204,0
DA:206,0
DA:207,0
DA:209,0
DA:211,0
DA:212,0
DA:213,0
DA:216,0
DA:217,0
DA:218,0
DA:220,0
DA:221,0
DA:222,0
DA:225,0
DA:226,0
DA:227,0
DA:228,0
DA:230,0
DA:232,0
DA:236,0
DA:237,0
DA:238,0
DA:241,0
DA:242,0
DA:243,0
DA:245,0
DA:246,0
DA:247,0
DA:248,0
DA:249,0
DA:251,0
DA:252,0
DA:254,0
DA:255,0
DA:257,0
DA:258,0
DA:259,0
DA:260,0
DA:263,0
DA:264,0
DA:265,0
DA:267,0
DA:268,0
DA:269,0
DA:270,0
DA:271,0
DA:273,0
DA:274,0
DA:275,0
DA:276,0
LF:150
LH:0
FN:23,50,list_templates
FNDA:0,list_templates
FN:55,79,get_template
FNDA:0,get_template
FN:84,124,deploy_service
FNDA:0,deploy_service
FN:129,139,list_services
FNDA:0,list_services
FN:144,157,get_service
FNDA:0,get_service
FN:162,176,remove_service
FNDA:0,remove_service
FN:181,196,update_service
FNDA:0,update_service
FN:201,213,rebuild_service
FNDA:0,rebuild_service
FN:218,238,list_environment_vars
FNDA:0,list_environment_vars
FN:243,260,set_environment_var
FNDA:0,set_environment_var
FN:265,276,delete_environment_var
FNDA:0,delete_environment_var
FNF:11
FNH:0
end_of_record
SF:routes/deployment_routes.py
DA:2,0
DA:3,0
DA:4,0
DA:5,0
DA:6,0
DA:8,0
DA:11,0
DA:12,0
DA:15,0
DA:16,0
DA:31,0
DA:32,0
DA:33,0
DA:34,0
DA:36,0
DA:37,0
DA:38,0
DA:39,0
DA:40,0
DA:41,0
DA:42,0
DA:44,0
DA:45,0
DA:48,0
DA:49,0
DA:50,0
DA:51,0
DA:54,0
DA:64,0
DA:65,0
DA:67,0
DA:68,0
DA:69,0
DA:70,0
DA:71,0
DA:72,0
DA:75,0
DA:76,0
DA:85,0
DA:86,0
DA:87,0
DA:88,0
DA:90,0
DA:91,0
DA:92,0
DA:93,0
DA:94,0
DA:95,0
DA:98,0
DA:99,0
DA:111,0
DA:112,0
DA:114,0
DA:115,0
DA:121,0
DA:122,0
DA:123,0
LF:57
LH:0
FN:16,72,create_deployment
FNDA:0,create_deployment
FN:76,95,stop_deployment
FNDA:0,stop_deployment
FN:99,123,get_logs
FNDA:0,get_logs
FNF:3
FNH:0
end_of_record
SF:routes/google_services_api.py
DA:2,0
DA:3,0
DA:4,0
DA:5,0
DA:6,0
DA:7,0
DA:8,0
DA:9,0
DA:10,0
DA:11,0
DA:12,0
DA:14,0
DA:15,0
DA:16,0
DA:17,0
DA:18,0
DA:19,0
DA:20,0
DA:30,0
DA:32,0
DA:34,0
DA:37,0
DA:38,0
DA:45,0
DA:47,0
DA:48,0
DA:49,0
DA:50,0
DA:53,0
DA:55,0
DA:56,0
DA:57,0
DA:58,0
DA:60,0
DA:61,0
DA:62,0
DA:63,0
DA:64,0
DA:65,0
DA:68,0
DA:69,0
DA:71,0
DA:74,0
DA:75,0
DA:76,0
DA:78,0
DA:81,0
DA:82,0
DA:83,0
DA:85,0
DA:86,0
DA:87,0
DA:91,0
DA:92,0
DA:93,0
DA:96,0
DA:97,0
DA:98,0
DA:99,0
DA:101,0
DA:102,0
DA:105,0
DA:106,0
DA:107,0
DA:108,0
DA:112,0
DA:113,0
DA:114,0
DA:116,0
DA:122,0
DA:123,0
DA:124,0
DA:125,0
DA:126,0
DA:127,0
DA:128,0
DA:130,0
DA:132,0
DA:134,0
DA:140,0
DA:141,0
DA:142,0
DA:145,0
DA:146,0
DA:147,0
DA:148,0
DA:150,0
DA:151,0
DA:153,0
DA:159,0
DA:160,0
DA:161,0
DA:164,0
DA:165,0
DA:166,0
DA:168,0
DA:169,0
DA:171,0
DA:176,0
DA:177,0
DA:178,0
DA:181,0
DA:182,0
DA:183,0
DA:184,0
DA:186,0
DA:187,0
DA:188,0
DA:190,0
DA:191,0
DA:193,0
DA:199,0
DA:204,0
DA:205,0
DA:206,0
DA:212,0
DA:213,0
DA:214,0
DA:216,0
DA:217,0
DA:219,0
DA:225,0
DA:226,0
DA:227,0
DA:230,0
DA:231,0
DA:232,0
DA:234,0
DA:235,0
DA:236,0
DA:238,0
DA:240,0
DA:246,0
DA:252,0
DA:253,0
DA:254,0
DA:257,0
DA:258,0
DA:259,0
DA:261,0
DA:262,0
DA:263,0
DA:265,0
DA:266,0
DA:268,0
DA:274,0
DA:275,0
DA:276,0
DA:279,0
DA:280,0
DA:281,0
DA:282,0
DA:284,0
DA:285,0
DA:286,0
DA:288,0
DA:289,0
DA:291,0
DA:292,0
DA:294,0
DA:295,0
DA:296,0
DA:297,0
DA:299,0
DA:300,0
DA:302,0
DA:303,0
DA:318,0
DA:319,0
DA:321,0
DA:323,0
DA:329,0
DA:334,0
DA:335,0
DA:336,0
DA:339,0
DA:340,0
DA:341,0
DA:342,0
DA:344,0
DA:345,0
DA:346,0
DA:348,0
DA:349,0
DA:351,0
DA:352,0
DA:354,0
DA:355,0
DA:357,0
DA:358,0
DA:360,0
DA:361,0
DA:364,0
DA:370,0
DA:371,0
DA:372,0
DA:373,0
DA:375,0
DA:377,0
DA:378,0
DA:380,0
DA:386,0
DA:391,0
DA:392,0
DA:393,0
DA:396,0
DA:397,0
DA:398,0
DA:399,0
DA:401,0
DA:402,0
DA:403,0
DA:405,0
DA:406,0
DA:407,0
DA:409,0
DA:410,0
DA:412,0
DA:413,0
DA:415,0
DA:416,0
DA:418,0
DA:424,0
DA:429,0
DA:430,0
DA:431,0
DA:437,0
DA:438,0
DA:439,0
DA:440,0
DA:442,0
DA:443,0
DA:444,0
DA:446,0
DA:447,0
DA:449,0
DA:450,0
DA:452,0
DA:453,0
DA:454,0
DA:455,0
DA:458,0
DA:470,0
DA:471,0
DA:472,0
DA:482,0
DA:483,0
DA:485,0
DA:490,0
DA:491,0
DA:494,0
DA:495,0
DA:496,0
DA:497,0
DA:505,0
DA:506,0
DA:507,0
DA:508,0
DA:510,0
DA:513,0
DA:514,0
DA:515,0
DA:517,0
DA:518,0
DA:519,0
DA:521,0
DA:523,0
DA:524,0
DA:528,0
DA:534,0
DA:535,0
DA:536,0
DA:542,0
DA:543,0
DA:544,0
DA:546,0
DA:547,0
DA:549,0
DA:555,0
DA:556,0
DA:557,0
DA:560,0
DA:561,0
DA:562,0
DA:564,0
DA:565,0
DA:566,0
DA:568,0
DA:570,0
DA:571,0
DA:575,0
DA:581,0
DA:582,0
DA:583,0
DA:586,0
DA:587,0
DA:588,0
DA:590,0
DA:591,0
DA:593,0
DA:598,0
DA:599,0
DA:600,0
DA:603,0
DA:604,0
DA:605,0
DA:606,0
DA:608,0
DA:609,0
DA:610,0
DA:612,0
DA:613,0
DA:615,0
DA:616,0
DA:619,0
DA:621,0
DA:622,0
DA:623,0
DA:624,0
DA:626,0
DA:631,0
DA:632,0
DA:633,0
LF:323
LH:0
FN:45,50,add_security_headers
FNDA:0,add_security_headers
FN:53,65,validate_csrf_token
FNDA:0,validate_csrf_token
FN:69,71,after_request
FNDA:0,after_request
FN:76,78,google_services_dashboard
FNDA:0,google_services_dashboard
FN:83,93,get_csrf_token
FNDA:0,get_csrf_token
FN:99,142,get_status
FNDA:0,get_status
FN:148,161,check_service_health
FNDA:0,check_service_health
FN:166,178,get_configuration
FNDA:0,get_configuration
FN:184,206,reset_connections
FNDA:0,reset_connections
FN:214,227,list_calendars
FNDA:0,list_calendars
FN:232,254,list_calendar_events
FNDA:0,list_calendar_events
FN:259,276,get_calendar_automations
FNDA:0,get_calendar_automations
FN:282,336,create_calendar_automation
FNDA:0,create_calendar_automation
FN:342,393,update_calendar_automation
FNDA:0,update_calendar_automation
FN:399,431,delete_calendar_automation
FNDA:0,delete_calendar_automation
FN:440,510,send_email
FNDA:0,send_email
FN:515,536,get_email_notifications
FNDA:0,get_email_notifications
FN:544,557,list_backups
FNDA:0,list_backups
FN:562,583,get_backup_history
FNDA:0,get_backup_history
FN:588,600,get_storage_info
FNDA:0,get_storage_info
FN:606,633,delete_backup
FNDA:0,delete_backup
FNF:21
FNH:0
end_of_record
SF:routes/jarvis_approval_api.py
DA:7,0
DA:8,0
DA:9,0
DA:10,0
DA:12,0
DA:13,0
DA:14,0
DA:15,0
DA:16,0
DA:19,0
DA:21,0
DA:23,0
DA:26,0
DA:27,0
DA:28,0
DA:36,0
DA:37,0
DA:38,0
DA:39,0
DA:41,0
DA:42,0
DA:47,0
DA:48,0
DA:52,0
DA:53,0
DA:54,0
DA:55,0
DA:56,0
DA:57,0
DA:62,0
DA:64,0
DA:66,0
DA:68,0
DA:78,0
DA:79,0
DA:80,0
DA:86,0
DA:87,0
DA:88,0
DA:90,0
DA:91,0
DA:92,0
DA:97,0
DA:98,0
DA:100,0
DA:101,0
DA:106,0
DA:111,0
DA:112,0
DA:113,0
DA:119,0
DA:120,0
DA:121,0
DA:127,0
DA:128,0
DA:129,0
DA:131,0
DA:132,0
DA:137,0
DA:138,0
DA:140,0
DA:141,0
DA:146,0
DA:147,0
DA:152,0
DA:153,0
DA:154,0
DA:155,0
DA:160,0
DA:162,0
DA:163,0
DA:164,0
DA:166,0
DA:167,0
DA:169,0
DA:175,0
DA:176,0
DA:177,0
DA:182,0
DA:183,0
DA:184,0
DA:185,0
DA:187,0
DA:188,0
DA:190,0
DA:191,0
DA:193,0
DA:194,0
DA:195,0
DA:196,0
DA:197,0
DA:198,0
DA:200,0
DA:202,0
DA:203,0
DA:204,0
DA:210,0
DA:211,0
DA:212,0
DA:218,0
DA:219,0
DA:220,0
DA:222,0
DA:223,0
DA:228,0
DA:229,0
DA:231,0
DA:232,0
DA:237,0
DA:238,0
DA:243,0
DA:245,0
DA:246,0
DA:247,0
DA:248,0
DA:250,0
DA:251,0
DA:253,0
DA:259,0
DA:260,0
DA:261,0
DA:267,0
DA:268,0
DA:269,0
DA:271,0
DA:272,0
DA:273,0
DA:278,0
DA:279,0
DA:281,0
DA:282,0
DA:287,0
DA:288,0
DA:293,0
DA:294,0
DA:299,0
DA:301,0
DA:302,0
DA:307,0
DA:308,0
DA:309,0
DA:310,0
DA:312,0
DA:313,0
DA:315,0
DA:321,0
DA:322,0
DA:323,0
DA:324,0
DA:325,0
DA:327,0
DA:332,0
DA:333,0
DA:334,0
DA:340,0
DA:341,0
DA:342,0
DA:353,0
DA:354,0
DA:356,0
DA:357,0
DA:362,0
DA:363,0
DA:368,0
DA:369,0
DA:370,0
DA:371,0
DA:376,0
DA:377,0
DA:382,0
DA:383,0
DA:384,0
DA:385,0
DA:387,0
DA:388,0
DA:390,0
DA:391,0
DA:396,0
DA:397,0
DA:407,0
DA:408,0
DA:409,0
DA:411,0
DA:417,0
DA:418,0
DA:419,0
DA:425,0
DA:426,0
DA:427,0
DA:429,0
DA:430,0
DA:431,0
DA:436,0
DA:437,0
DA:438,0
DA:439,0
DA:440,0
DA:441,0
DA:442,0
DA:444,0
DA:456,0
DA:457,0
DA:458,0
LF:203
LH:0
FN:28,83,get_pending_actions
FNDA:0,get_pending_actions
FN:88,116,get_action
FNDA:0,get_action
FN:121,207,approve_action
FNDA:0,approve_action
FN:212,264,reject_action
FNDA:0,reject_action
FN:269,337,execute_action
FNDA:0,execute_action
FN:342,422,create_action
FNDA:0,create_action
FN:427,461,get_stats
FNDA:0,get_stats
FNF:7
FNH:0
end_of_record
SF:routes/jarvis_voice_api.py
DA:2,0
DA:3,0
DA:4,0
DA:5,0
DA:6,0
DA:7,0
DA:9,0
DA:10,0
DA:11,0
DA:12,0
DA:13,0
DA:14,0
DA:15,0
DA:16,0
DA:17,0
DA:19,0
DA:21,0
DA:22,0
DA:23,0
DA:24,0
DA:25,0
DA:26,0
DA:27,0
DA:28,0
DA:30,0
DA:32,0
DA:33,0
DA:34,0
DA:35,0
DA:38,0
DA:39,0
DA:40,0
DA:42,0
DA:44,0
DA:45,0
DA:46,0
DA:47,0
DA:48,0
DA:49,0
DA:50,0
DA:51,0
DA:53,0
DA:55,0
DA:56,0
DA:57,0
DA:58,0
DA:59,0
DA:60,0
DA:61,0
DA:62,0
DA:64,0
DA:66,0
DA:67,0
DA:68,0
DA:69,0
DA:70,0
DA:71,0
DA:74,0
DA:75,0
DA:76,0
DA:99,0
DA:100,0
DA:101,0
DA:102,0
DA:104,0
DA:105,0
DA:106,0
DA:107,0
DA:109,0
DA:110,0
DA:116,0
DA:117,0
DA:118,0
DA:119,0
DA:120,0
DA:121,0
DA:126,0
DA:127,0
DA:132,0
DA:134,0
DA:136,0
DA:138,0
DA:145,0
DA:146,0
DA:147,0
DA:148,0
DA:150,0
DA:151,0
DA:152,0
DA:155,0
DA:172,0
DA:173,0
DA:174,0
DA:177,0
DA:179,0
DA:190,0
DA:192,0
DA:198,0
DA:207,0
DA:208,0
DA:209,0
DA:210,0
DA:214,0
DA:215,0
DA:216,0
DA:217,0
DA:223,0
DA:224,0
DA:225,0
DA:243,0
DA:244,0
DA:245,0
DA:246,0
DA:248,0
DA:249,0
DA:251,0
DA:252,0
DA:257,0
DA:258,0
DA:264,0
DA:265,0
DA:266,0
DA:267,0
DA:273,0
DA:274,0
DA:277,0
DA:311,0
DA:313,0
DA:314,0
DA:320,0
DA:321,0
DA:324,0
DA:325,0
DA:326,0
DA:328,0
DA:334,0
DA:343,0
DA:344,0
DA:347,0
DA:356,0
DA:359,0
DA:360,0
DA:361,0
DA:363,0
DA:369,0
DA:381,0
DA:382,0
DA:383,0
DA:384,0
DA:389,0
DA:390,0
DA:391,0
DA:392,0
DA:396,0
DA:397,0
DA:398,0
DA:399,0
DA:405,0
DA:406,0
DA:407,0
DA:426,0
DA:427,0
DA:428,0
DA:429,0
DA:431,0
DA:432,0
DA:434,0
DA:435,0
DA:441,0
DA:442,0
DA:443,0
DA:444,0
DA:449,0
DA:450,0
DA:455,0
DA:456,0
DA:461,0
DA:462,0
DA:464,0
DA:465,0
DA:466,0
DA:471,0
DA:478,0
DA:484,0
DA:495,0
DA:496,0
DA:497,0
DA:498,0
DA:506,0
DA:512,0
DA:513,0
DA:514,0
DA:516,0
DA:518,0
DA:524,0
DA:532,0
DA:533,0
DA:534,0
DA:535,0
DA:543,0
DA:544,0
DA:545,0
DA:547,0
DA:549,0
DA:555,0
DA:563,0
DA:564,0
DA:565,0
DA:566,0
DA:570,0
DA:571,0
DA:572,0
DA:573,0
DA:579,0
DA:580,0
DA:581,0
DA:598,0
DA:599,0
DA:600,0
DA:601,0
DA:603,0
DA:604,0
DA:606,0
DA:607,0
DA:612,0
DA:613,0
DA:618,0
DA:620,0
DA:621,0
DA:628,0
DA:630,0
DA:631,0
DA:632,0
DA:633,0
DA:634,0
DA:640,0
DA:641,0
DA:647,0
DA:648,0
DA:649,0
DA:652,0
DA:655,0
DA:656,0
DA:657,0
DA:660,0
DA:665,0
DA:669,0
DA:672,0
DA:675,0
DA:676,0
DA:679,0
DA:684,0
DA:687,0
DA:688,0
DA:689,0
DA:691,0
DA:693,0
DA:700,0
DA:701,0
DA:702,0
DA:703,0
DA:709,0
DA:710,0
DA:711,0
DA:734,0
DA:735,0
DA:744,0
DA:752,0
DA:753,0
DA:754,0
DA:755,0
DA:756,0
DA:757,0
DA:760,0
DA:761,0
DA:762,0
DA:763,0
DA:764,0
DA:765,0
DA:768,0
DA:769,0
DA:770,0
DA:771,0
DA:773,0
DA:777,0
DA:781,0
DA:785,0
DA:788,0
DA:789,0
DA:791,0
DA:799,0
DA:800,0
DA:801,0
LF:293
LH:0
FN:42,51,validate_project_name
FNDA:0,validate_project_name
FN:53,62,validate_domain
FNDA:0,validate_domain
FN:64,71,validate_db_name
FNDA:0,validate_db_name
FN:76,220,deploy_project
FNDA:0,deploy_project
FN:225,402,create_database
FNDA:0,create_database
FN:407,576,manage_ssl
FNDA:0,manage_ssl
FN:581,706,conversational_query
FNDA:0,conversational_query
FN:711,805,get_jarvis_status
FNDA:0,get_jarvis_status
FNF:8
FNH:0
end_of_record
SF:routes/logs_api.py
DA:1,0
DA:2,0
DA:3,0
DA:4,0
DA:5,0
DA:6,0
DA:7,0
DA:8,0
DA:10,0
DA:12,0
DA:14,0
DA:15,0
DA:16,0
DA:26,0
DA:27,0
DA:28,0
DA:29,0
DA:30,0
DA:32,0
DA:33,0
DA:36,0
DA:47,0
DA:48,0
DA:49,0
DA:52,0
DA:53,0
DA:54,0
DA:56,0
DA:57,0
DA:58,0
DA:64,0
DA:65,0
DA:67,0
DA:68,0
DA:69,0
DA:70,0
DA:71,0
DA:74,0
DA:75,0
DA:76,0
DA:77,0
DA:79,0
DA:82,0
DA:83,0
DA:85,0
DA:87,0
DA:95,0
DA:96,0
DA:97,0
DA:98,0
DA:99,0
DA:102,0
DA:103,0
DA:104,0
DA:106,0
DA:117,0
DA:120,0
DA:125,0
DA:135,0
DA:136,0
DA:137,0
DA:140,0
DA:141,0
DA:142,0
DA:143,0
DA:146,0
DA:147,0
DA:149,0
DA:150,0
DA:151,0
DA:155,0
DA:156,0
DA:157,0
DA:158,0
DA:159,0
DA:162,0
DA:163,0
DA:164,0
DA:165,0
DA:166,0
DA:167,0
DA:170,0
DA:171,0
DA:172,0
DA:174,0
DA:177,0
DA:178,0
DA:179,0
DA:180,0
DA:182,0
LF:90
LH:0
FN:16,99,get_logs
FNDA:0,get_logs
FN:104,117,get_available_services
FNDA:0,get_available_services
FN:120,182,parse_log_line
FNDA:0,parse_log_line
FNF:3
FNH:0
end_of_record
SF:routes/smart_home_api.py
DA:2,0
DA:3,0
DA:4,0
DA:5,0
DA:6,0
DA:7,0
DA:8,0
DA:9,0
DA:11,0
DA:12,0
DA:13,0
DA:15,0
DA:17,0
DA:19,0
DA:26,0
DA:28,0
DA:29,0
DA:30,0
DA:31,0
DA:32,0
DA:33,0
DA:36,0
DA:37,0
DA:39,0
DA:42,0
DA:43,0
DA:44,0
DA:46,0
DA:49,0
DA:50,0
DA:51,0
DA:53,0
DA:54,0
DA:55,0
DA:59,0
DA:60,0
DA:61,0
DA:64,0
DA:65,0
DA:66,0
DA:68,0
DA:69,0
DA:71,0
DA:72,0
DA:73,0
DA:74,0
DA:75,0
DA:76,0
DA:77,0
DA:78,0
DA:80,0
DA:82,0
DA:89,0
DA:90,0
DA:91,0
DA:94,0
DA:95,0
DA:96,0
DA:97,0
DA:99,0
DA:100,0
DA:101,0
DA:106,0
DA:107,0
DA:109,0
DA:117,0
DA:118,0
DA:119,0
DA:122,0
DA:123,0
DA:124,0
DA:126,0
DA:127,0
DA:128,0
DA:133,0
DA:134,0
DA:136,0
DA:143,0
DA:144,0
DA:145,0
DA:148,0
DA:149,0
DA:150,0
DA:152,0
DA:153,0
DA:154,0
DA:156,0
DA:157,0
DA:158,0
DA:163,0
DA:165,0
DA:172,0
DA:173,0
DA:174,0
DA:177,0
DA:178,0
DA:179,0
DA:181,0
DA:182,0
DA:183,0
DA:185,0
DA:187,0
DA:188,0
DA:193,0
DA:199,0
DA:200,0
DA:201,0
DA:204,0
DA:205,0
DA:206,0
DA:207,0
DA:209,0
DA:210,0
DA:211,0
DA:213,0
DA:214,0
DA:216,0
DA:217,0
DA:224,0
DA:225,0
DA:231,0
DA:232,0
DA:237,0
DA:238,0
DA:239,0
DA:242,0
DA:243,0
DA:244,0
DA:245,0
DA:247,0
DA:248,0
DA:249,0
DA:251,0
DA:253,0
DA:254,0
DA:261,0
DA:262,0
DA:268,0
DA:269,0
DA:274,0
DA:275,0
DA:276,0
DA:279,0
DA:280,0
DA:281,0
DA:282,0
DA:284,0
DA:285,0
DA:286,0
DA:288,0
DA:289,0
DA:290,0
DA:292,0
DA:293,0
DA:294,0
DA:296,0
DA:298,0
DA:299,0
DA:307,0
DA:308,0
DA:315,0
DA:317,0
DA:318,0
DA:319,0
DA:320,0
DA:321,0
DA:324,0
DA:325,0
DA:326,0
DA:327,0
DA:329,0
DA:330,0
DA:331,0
DA:333,0
DA:334,0
DA:335,0
DA:337,0
DA:338,0
DA:339,0
DA:341,0
DA:343,0
DA:344,0
DA:352,0
DA:353,0
DA:360,0
DA:362,0
DA:363,0
DA:364,0
DA:367,0
DA:368,0
DA:369,0
DA:370,0
DA:372,0
DA:373,0
DA:374,0
DA:376,0
DA:377,0
DA:378,0
DA:380,0
DA:381,0
DA:383,0
DA:384,0
DA:392,0
DA:393,0
DA:400,0
DA:402,0
DA:403,0
DA:404,0
DA:405,0
DA:406,0
DA:409,0
DA:410,0
DA:411,0
DA:412,0
DA:414,0
DA:415,0
DA:416,0
DA:418,0
DA:420,0
DA:421,0
DA:427,0
DA:428,0
DA:434,0
DA:436,0
DA:437,0
DA:438,0
DA:441,0
DA:442,0
DA:443,0
DA:444,0
DA:446,0
DA:447,0
DA:448,0
DA:450,0
DA:452,0
DA:453,0
DA:459,0
DA:460,0
DA:466,0
DA:468,0
DA:469,0
DA:470,0
DA:473,0
DA:474,0
DA:475,0
DA:477,0
DA:568,0
DA:575,0
DA:578,0
DA:589,0
DA:598,0
DA:599,0
DA:606,0
DA:607,0
DA:616,0
DA:618,0
DA:619,0
DA:620,0
DA:621,0
DA:622,0
DA:623,0
DA:625,0
DA:626,0
DA:627,0
DA:628,0
DA:630,0
DA:631,0
DA:632,0
DA:633,0
DA:635,0
DA:636,0
DA:637,0
DA:638,0
DA:639,0
DA:641,0
DA:642,0
DA:643,0
DA:645,0
DA:647,0
DA:648,0
DA:650,0
DA:652,0
DA:653,0
DA:659,0
DA:660,0
DA:665,0
DA:666,0
DA:672,0
DA:673,0
DA:680,0
DA:683,0
DA:690,0
DA:691,0
DA:693,0
DA:694,0
DA:695,0
DA:697,0
DA:700,0
DA:701,0
DA:702,0
DA:703,0
DA:714,0
DA:715,0
DA:716,0
DA:717,0
DA:723,0
DA:724,0
DA:726,0
DA:728,0
DA:737,0
DA:738,0
DA:739,0
DA:740,0
DA:741,0
DA:742,0
DA:744,0
DA:746,0
DA:747,0
DA:748,0
DA:750,0
DA:751,0
DA:752,0
DA:754,0
DA:755,0
DA:756,0
DA:758,0
DA:759,0
DA:760,0
DA:761,0
DA:763,0
DA:764,0
DA:765,0
DA:767,0
DA:769,0
DA:771,0
DA:772,0
DA:773,0
DA:774,0
DA:776,0
DA:777,0
DA:778,0
DA:780,0
DA:781,0
DA:782,0
DA:783,0
DA:787,0
DA:788,0
DA:789,0
DA:791,0
DA:793,0
DA:794,0
DA:795,0
DA:796,0
DA:797,0
DA:799,0
DA:800,0
DA:802,0
DA:803,0
DA:804,0
DA:806,0
DA:807,0
DA:808,0
DA:809,0
DA:810,0
DA:811,0
DA:813,0
DA:814,0
DA:816,0
DA:817,0
DA:818,0
DA:819,0
DA:821,0
DA:823,0
DA:824,0
DA:825,0
DA:826,0
DA:827,0
DA:829,0
DA:830,0
DA:832,0
DA:833,0
DA:838,0
DA:840,0
DA:841,0
DA:842,0
DA:843,0
DA:846,0
DA:847,0
DA:848,0
DA:850,0
DA:852,0
DA:853,0
DA:858,0
DA:859,0
DA:860,0
DA:861,0
DA:863,0
DA:864,0
DA:867,0
DA:868,0
DA:869,0
DA:871,0
DA:872,0
DA:879,0
DA:881,0
DA:882,0
DA:883,0
DA:890,0
DA:891,0
DA:892,0
DA:894,0
DA:895,0
DA:896,0
DA:902,0
DA:904,0
DA:905,0
DA:911,0
DA:912,0
DA:913,0
DA:914,0
DA:915,0
DA:917,0
DA:931,0
DA:932,0
DA:933,0
LF:425
LH:0
FN:26,33,add_security_headers
FNDA:0,add_security_headers
FN:37,39,after_request
FNDA:0,after_request
FN:44,46,smart_home_dashboard
FNDA:0,smart_home_dashboard
FN:51,61,get_csrf_token
FNDA:0,get_csrf_token
FN:66,91,get_connection_status
FNDA:0,get_connection_status
FN:97,119,test_connection
FNDA:0,test_connection
FN:124,145,get_all_devices
FNDA:0,get_all_devices
FN:150,174,get_devices_by_domain
FNDA:0,get_devices_by_domain
FN:179,201,get_device_state
FNDA:0,get_device_state
FN:207,239,turn_on_device
FNDA:0,turn_on_device
FN:245,276,turn_off_device
FNDA:0,turn_off_device
FN:282,321,set_light_brightness
FNDA:0,set_light_brightness
FN:327,364,set_light_color
FNDA:0,set_light_color
FN:370,406,set_climate_temperature
FNDA:0,set_climate_temperature
FN:412,438,activate_scene
FNDA:0,activate_scene
FN:444,470,trigger_automation
FNDA:0,trigger_automation
FN:475,572,get_automation_templates
FNDA:0,get_automation_templates
FN:599,645,VoiceCommandParser.parse_command
FNDA:0,VoiceCommandParser.parse_command
FN:648,680,VoiceCommandParser._get_suggestions
FNDA:0,VoiceCommandParser._get_suggestions
FN:683,697,validate_entity_id
FNDA:0,validate_entity_id
FN:703,887,process_voice_command
FNDA:0,process_voice_command
FN:892,933,get_smart_home_status
FNDA:0,get_smart_home_status
FNF:22
FNH:0
end_of_record
SF:routes/upload_routes.py
DA:1,0
DA:2,0
DA:3,0
DA:4,0
DA:5,0
DA:6,0
DA:7,0
DA:8,0
DA:10,0
DA:11,0
DA:12,0
DA:13,0
DA:14,0
DA:16,0
DA:18,0
DA:20,0
DA:22,0
DA:23,0
DA:24,0
DA:25,0
DA:26,0
DA:27,0
DA:30,0
DA:31,0
DA:32,0
DA:44,0
DA:46,0
DA:47,0
DA:49,0
DA:51,0
DA:52,0
DA:54,0
DA:55,0
DA:58,0
DA:61,0
DA:62,0
DA:63,0
DA:65,0
DA:67,0
DA:74,0
DA:75,0
DA:76,0
DA:77,0
DA:78,0
DA:90,0
DA:91,0
DA:92,0
DA:93,0
DA:94,0
DA:96,0
DA:98,0
DA:99,0
DA:100,0
DA:101,0
DA:102,0
DA:104,0
DA:113,0
DA:114,0
DA:116,0
DA:117,0
DA:118,0
DA:119,0
DA:120,0
DA:123,0
DA:124,0
DA:125,0
DA:137,0
DA:138,0
DA:139,0
DA:141,0
DA:143,0
DA:144,0
DA:146,0
DA:148,0
DA:149,0
DA:151,0
DA:152,0
DA:155,0
DA:158,0
DA:159,0
DA:161,0
DA:163,0
DA:171,0
DA:172,0
DA:173,0
DA:174,0
DA:175,0
DA:187,0
DA:188,0
DA:189,0
DA:190,0
DA:191,0
DA:193,0
DA:194,0
DA:195,0
DA:196,0
DA:197,0
DA:199,0
DA:208,0
DA:209,0
DA:211,0
DA:212,0
DA:213,0
DA:214,0
DA:215,0
DA:218,0
DA:219,0
DA:220,0
DA:231,0
DA:232,0
DA:233,0
DA:236,0
DA:239,0
DA:240,0
DA:241,0
DA:242,0
DA:243,0
DA:244,0
DA:245,0
DA:246,0
DA:247,0
DA:249,0
DA:254,0
DA:255,0
DA:256,0
DA:259,0
DA:260,0
DA:261,0
DA:271,0
DA:272,0
DA:273,0
DA:275,0
DA:276,0
DA:278,0
DA:279,0
DA:280,0
DA:282,0
DA:283,0
DA:285,0
DA:290,0
DA:291,0
DA:292,0
DA:295,0
DA:296,0
DA:297,0
DA:307,0
DA:308,0
DA:309,0
DA:311,0
DA:312,0
DA:314,0
DA:315,0
DA:316,0
DA:319,0
DA:320,0
DA:321,0
DA:322,0
DA:324,0
DA:327,0
DA:329,0
DA:331,0
DA:337,0
DA:338,0
DA:339,0
DA:342,0
DA:343,0
DA:344,0
DA:354,0
DA:355,0
DA:356,0
DA:358,0
DA:359,0
DA:361,0
DA:362,0
DA:363,0
DA:366,0
DA:367,0
DA:368,0
DA:371,0
DA:372,0
DA:373,0
DA:374,0
DA:377,0
DA:378,0
DA:379,0
DA:381,0
DA:383,0
DA:388,0
DA:389,0
DA:390,0
DA:393,0
DA:394,0
DA:395,0
DA:405,0
DA:406,0
DA:407,0
DA:409,0
DA:411,0
DA:412,0
DA:414,0
DA:417,0
DA:418,0
DA:419,0
DA:421,0
DA:422,0
DA:423,0
DA:425,0
DA:434,0
DA:435,0
DA:437,0
DA:438,0
DA:439,0
DA:442,0
DA:443,0
DA:444,0
DA:446,0
DA:447,0
LF:217
LH:0
FN:20,27,login_required
FNDA:0,login_required
FN:23,26,login_required.decorated_function
FNDA:0,login_required.decorated_function
FN:32,120,upload_file
FNDA:0,upload_file
FN:125,215,upload_zip
FNDA:0,upload_zip
FN:220,256,list_artifacts
FNDA:0,list_artifacts
FN:261,292,get_artifact
FNDA:0,get_artifact
FN:297,339,download_artifact
FNDA:0,download_artifact
FN:344,390,delete_artifact
FNDA:0,delete_artifact
FN:395,439,validate_file_endpoint
FNDA:0,validate_file_endpoint
FN:444,447,uploads_page
FNDA:0,uploads_page
FNF:10
FNH:0
end_of_record
SF:routes/web.py
DA:1,0
DA:2,0
DA:3,0
DA:4,0
DA:5,0
DA:7,0
DA:9,0
DA:11,0
DA:12,0
DA:13,0
DA:14,0
DA:15,0
DA:18,0
DA:19,0
DA:22,0
DA:23,0
DA:24,0
DA:27,0
DA:29,0
DA:30,0
DA:31,0
DA:32,0
DA:33,0
DA:35,0
DA:36,0
DA:38,0
DA:40,0
DA:41,0
DA:42,0
DA:43,0
DA:45,0
DA:46,0
DA:47,0
DA:48,0
DA:50,0
DA:51,0
DA:52,0
DA:53,0
DA:54,0
DA:55,0
DA:56,0
DA:57,0
DA:59,0
DA:60,0
DA:61,0
DA:62,0
DA:64,0
DA:65,0
DA:66,0
DA:67,0
DA:69,0
DA:70,0
DA:71,0
DA:72,0
DA:75,0
DA:76,0
DA:77,0
DA:78,0
DA:81,0
DA:82,0
DA:83,0
DA:84,0
DA:86,0
DA:87,0
DA:88,0
DA:89,0
DA:91,0
DA:92,0
DA:93,0
DA:94,0
DA:95,0
DA:96,0
DA:97,0
DA:98,0
DA:100,0
DA:101,0
DA:102,0
DA:103,0
DA:105,0
DA:106,0
DA:107,0
DA:108,0
DA:111,0
DA:112,0
DA:113,0
DA:114,0
DA:116,0
DA:117,0
DA:118,0
DA:119,0
DA:121,0
DA:122,0
DA:123,0
DA:124,0
DA:125,0
DA:126,0
DA:127,0
DA:128,0
DA:130,0
DA:131,0
DA:132,0
DA:135,0
DA:136,0
DA:137,0
DA:138,0
LF:105
LH:0
FN:12,38,login
FNDA:0,login
FN:41,43,logout
FNDA:0,logout
FN:47,48,index
FNDA:0,index
FN:52,57,dashboard
FNDA:0,dashboard
FN:61,62,logs
FNDA:0,logs
FN:66,67,ai_assistant
FNDA:0,ai_assistant
FN:71,73,file_manager
FNDA:0,file_manager
FN:77,79,remote_desktop
FNDA:0,remote_desktop
FN:83,84,scripts
FNDA:0,scripts
FN:88,89,containers
FNDA:0,containers
FN:93,98,system
FNDA:0,system
FN:102,103,databases
FNDA:0,databases
FN:107,109,game_streaming
FNDA:0,game_streaming
FN:113,114,network
FNDA:0,network
FN:118,119,domains
FNDA:0,domains
FN:123,128,monitoring
FNDA:0,monitoring
FN:131,138,game_connect
FNDA:0,game_connect
FNF:17
FNH:0
end_of_record
SF:routes/websocket_routes.py
DA:1,0
DA:2,0
DA:3,0
DA:4,0
DA:5,0
DA:7,0
DA:9,0
DA:11,0
DA:18,0
DA:19,0
DA:20,0
DA:21,0
DA:22,0
DA:23,0
DA:24,0
DA:26,0
DA:27,0
DA:28,0
DA:30,0
DA:31,0
DA:32,0
DA:33,0
DA:35,0
DA:36,0
DA:38,0
DA:39,0
DA:41,0
DA:42,0
DA:44,0
DA:46,0
DA:47,0
DA:48,0
DA:52,0
DA:53,0
DA:55,0
DA:57,0
DA:64,0
DA:66,0
DA:67,0
DA:68,0
DA:69,0
DA:70,0
DA:71,0
DA:72,0
DA:73,0
DA:74,0
DA:75,0
DA:76,0
DA:77,0
DA:78,0
DA:79,0
DA:80,0
DA:82,0
DA:84,0
DA:86,0
DA:87,0
DA:89,0
DA:91,0
DA:92,0
DA:93,0
DA:97,0
DA:98,0
DA:100,0
DA:102,0
DA:108,0
DA:110,0
DA:111,0
DA:112,0
DA:113,0
DA:114,0
DA:115,0
DA:116,0
DA:117,0
DA:118,0
DA:119,0
DA:120,0
DA:121,0
DA:122,0
DA:123,0
DA:124,0
DA:126,0
DA:128,0
DA:130,0
DA:131,0
DA:133,0
DA:135,0
DA:136,0
DA:137,0
DA:141,0
DA:142,0
DA:144,0
DA:146,0
DA:153,0
DA:155,0
DA:156,0
DA:157,0
DA:158,0
DA:159,0
DA:160,0
DA:161,0
DA:162,0
DA:163,0
DA:164,0
DA:165,0
DA:166,0
DA:167,0
DA:168,0
DA:169,0
DA:171,0
DA:173,0
DA:175,0
DA:176,0
DA:178,0
DA:180,0
DA:181,0
DA:182,0
DA:186,0
DA:187,0
DA:189,0
DA:191,0
DA:197,0
DA:199,0
DA:200,0
DA:201,0
DA:202,0
DA:203,0
DA:204,0
DA:205,0
DA:206,0
DA:207,0
DA:208,0
DA:209,0
DA:210,0
DA:211,0
DA:212,0
DA:213,0
DA:215,0
DA:217,0
DA:219,0
LF:139
LH:0
FN:11,39,authenticate_websocket
FNDA:0,authenticate_websocket
FN:42,84,workflow_updates
FNDA:0,workflow_updates
FN:87,128,task_notifications
FNDA:0,task_notifications
FN:131,173,deployment_progress
FNDA:0,deployment_progress
FN:176,217,system_events
FNDA:0,system_events
FNF:5
FNH:0
end_of_record
SF:services/__init__.py
DA:2,0
DA:3,0
DA:5,0
LF:3
LH:0
end_of_record
SF:services/activity_service.py
DA:1,0
DA:2,0
DA:3,0
DA:4,0
DA:6,0
DA:8,0
DA:9,0
DA:10,0
DA:11,0
DA:12,0
DA:14,0
DA:15,0
DA:16,0
DA:24,0
DA:25,0
DA:27,0
DA:28,0
DA:29,0
DA:31,0
DA:32,0
DA:33,0
DA:34,0
DA:36,0
DA:37,0
DA:38,0
DA:39,0
DA:40,0
DA:41,0
DA:42,0
DA:43,0
DA:44,0
DA:46,0
DA:47,0
DA:48,0
DA:49,0
DA:51,0
DA:53,0
DA:54,0
DA:55,0
DA:56,0
DA:58,0
LF:41
LH:0
FN:9,12,ActivityService.__init__
FNDA:0,ActivityService.__init__
FN:14,25,ActivityService.log_activity
FNDA:0,ActivityService.log_activity
FN:27,51,ActivityService.get_recent_activities
FNDA:0,ActivityService.get_recent_activities
FN:53,56,ActivityService.clear_activities
FNDA:0,ActivityService.clear_activities
FNF:4
FNH:0
end_of_record
SF:services/ai_service.py
DA:1,0
DA:2,0
DA:3,0
DA:4,0
DA:6,0
DA:8,0
DA:9,0
DA:10,0
DA:11,0
DA:13,0
DA:14,0
DA:18,0
DA:19,0
DA:21,0
DA:22,0
DA:23,0
DA:25,0
DA:26,0
DA:27,0
DA:29,0
DA:30,0
DA:45,0
DA:54,0
DA:55,0
DA:56,0
DA:57,0
DA:59,0
DA:60,0
DA:61,0
DA:63,0
DA:64,0
DA:72,0
DA:81,0
DA:82,0
DA:83,0
DA:84,0
DA:86,0
DA:87,0
DA:88,0
DA:90,0
DA:91,0
DA:102,0
DA:103,0
DA:105,0
DA:109,0
DA:115,0
DA:116,0
DA:117,0
DA:118,0
LF:49
LH:0
FN:9,23,AIService.__init__
FNDA:0,AIService.__init__
FN:25,57,AIService.analyze_logs
FNDA:0,AIService.analyze_logs
FN:59,84,AIService.get_troubleshooting_advice
FNDA:0,AIService.get_troubleshooting_advice
FN:86,118,AIService.chat
FNDA:0,AIService.chat
FNF:4
FNH:0
end_of_record
SF:services/caddy_manager.py
DA:6,0
DA:7,0
DA:8,0
DA:9,0
DA:10,0
DA:11,0
DA:12,0
DA:14,0
DA:17,0
DA:18,0
DA:20,0
DA:21,0
DA:22,0
DA:25,0
DA:28,0
DA:29,0
DA:30,0
DA:31,0
DA:33,0
DA:35,0
DA:36,0
DA:37,0
DA:38,0
DA:40,0
DA:41,0
DA:42,0
DA:45,0
DA:46,0
DA:47,0
DA:48,0
DA:49,0
DA:50,0
DA:51,0
DA:53,0
DA:63,0
DA:64,0
DA:66,0
DA:68,0
DA:69,0
DA:70,0
DA:71,0
DA:72,0
DA:73,0
DA:74,0
DA:77,0
DA:79,0
DA:80,0
DA:83,0
DA:85,0
DA:86,0
DA:88,0
DA:90,0
DA:92,0
DA:93,0
DA:94,0
DA:95,0
DA:97,0
DA:99,0
DA:100,0
DA:101,0
DA:102,0
DA:103,0
DA:104,0
DA:105,0
DA:108,0
DA:109,0
DA:110,0
DA:111,0
DA:112,0
DA:114,0
DA:116,0
DA:126,0
DA:127,0
DA:128,0
DA:130,0
DA:131,0
DA:132,0
DA:134,0
DA:135,0
DA:136,0
DA:139,0
DA:140,0
DA:143,0
DA:144,0
DA:147,0
DA:148,0
DA:151,0
DA:154,0
DA:155,0
DA:156,0
DA:157,0
DA:160,0
DA:161,0
DA:162,0
DA:165,0
DA:166,0
DA:167,0
DA:168,0
DA:169,0
DA:172,0
DA:174,0
DA:176,0
DA:177,0
DA:180,0
DA:181,0
DA:182,0
DA:183,0
DA:184,0
DA:186,0
DA:189,0
DA:190,0
DA:193,0
DA:194,0
DA:196,0
DA:199,0
DA:200,0
DA:203,0
DA:204,0
DA:207,0
DA:208,0
DA:209,0
DA:212,0
DA:213,0
DA:216,0
DA:217,0
DA:219,0
DA:221,0
DA:232,0
DA:236,0
DA:237,0
DA:238,0
DA:240,0
DA:241,0
DA:242,0
DA:243,0
DA:246,0
DA:247,0
DA:250,0
DA:251,0
DA:252,0
DA:253,0
DA:254,0
DA:256,0
DA:258,0
DA:259,0
DA:262,0
DA:263,0
DA:264,0
DA:265,0
DA:267,0
DA:269,0
DA:272,0
DA:274,0
DA:275,0
DA:281,0
DA:283,0
DA:284,0
DA:285,0
DA:286,0
DA:289,0
DA:290,0
DA:291,0
DA:292,0
DA:293,0
DA:295,0
DA:297,0
DA:298,0
DA:301,0
DA:303,0
DA:305,0
DA:306,0
DA:308,0
DA:313,0
DA:315,0
DA:316,0
DA:318,0
DA:321,0
DA:323,0
DA:325,0
DA:328,0
DA:329,0
DA:331,0
DA:334,0
DA:335,0
DA:336,0
DA:339,0
DA:342,0
DA:345,0
DA:346,0
DA:348,0
DA:350,0
DA:352,0
DA:353,0
DA:354,0
DA:355,0
DA:356,0
DA:357,0
DA:358,0
DA:359,0
DA:361,0
DA:363,0
DA:365,0
DA:366,0
DA:367,0
DA:368,0
DA:369,0
DA:372,0
DA:375,0
DA:376,0
DA:377,0
DA:379,0
DA:381,0
DA:382,0
DA:383,0
DA:384,0
DA:385,0
DA:387,0
DA:403,0
DA:404,0
DA:406,0
DA:408,0
DA:409,0
DA:410,0
DA:411,0
DA:412,0
DA:413,0
DA:416,0
DA:417,0
DA:418,0
DA:419,0
DA:420,0
DA:421,0
DA:424,0
DA:427,0
DA:428,0
DA:429,0
DA:430,0
DA:431,0
DA:434,0
DA:437,0
DA:438,0
DA:439,0
DA:441,0
DA:443,0
DA:444,0
DA:446,0
DA:447,0
DA:449,0
DA:450,0
DA:451,0
DA:452,0
DA:453,0
DA:454,0
DA:456,0
DA:466,0
DA:467,0
DA:468,0
DA:475,0
DA:476,0
DA:477,0
DA:479,0
DA:480,0
DA:481,0
DA:482,0
DA:483,0
DA:484,0
DA:485,0
DA:486,0
DA:487,0
DA:488,0
DA:489,0
DA:491,0
DA:501,0
DA:502,0
DA:503,0
DA:505,0
DA:506,0
DA:509,0
DA:526,0
DA:531,0
DA:532,0
DA:534,0
DA:536,0
DA:537,0
DA:542,0
DA:543,0
DA:544,0
DA:546,0
DA:547,0
DA:549,0
DA:551,0
DA:552,0
DA:553,0
DA:554,0
DA:556,0
DA:558,0
DA:559,0
DA:560,0
DA:561,0
DA:562,0
DA:564,0
DA:566,0
DA:567,0
DA:568,0
DA:570,0
DA:572,0
DA:573,0
DA:575,0
DA:582,0
DA:583,0
DA:584,0
DA:586,0
DA:587,0
DA:588,0
DA:589,0
DA:590,0
LF:316
LH:0
FN:28,31,CaddyManager.__init__
FNDA:0,CaddyManager.__init__
FN:33,51,CaddyManager.load_config
FNDA:0,CaddyManager.load_config
FN:53,88,CaddyManager._strip_inline_comment
FNDA:0,CaddyManager._strip_inline_comment
FN:90,114,CaddyManager._count_braces
FNDA:0,CaddyManager._count_braces
FN:116,219,CaddyManager._parse_blocks
FNDA:0,CaddyManager._parse_blocks
FN:221,323,CaddyManager._parse_chunks
FNDA:0,CaddyManager._parse_chunks
FN:325,348,CaddyManager.serialize_state
FNDA:0,CaddyManager.serialize_state
FN:350,359,CaddyManager.load_from_string
FNDA:0,CaddyManager.load_from_string
FN:361,385,CaddyManager.write_to_file
FNDA:0,CaddyManager.write_to_file
FN:387,454,CaddyManager.save_config
FNDA:0,CaddyManager.save_config
FN:456,489,CaddyManager._validate_caddy_config
FNDA:0,CaddyManager._validate_caddy_config
FN:491,532,CaddyManager.add_service
FNDA:0,CaddyManager.add_service
FN:534,547,CaddyManager.remove_service
FNDA:0,CaddyManager.remove_service
FN:549,554,CaddyManager.get_service
FNDA:0,CaddyManager.get_service
FN:556,562,CaddyManager.list_domains
FNDA:0,CaddyManager.list_domains
FN:564,568,CaddyManager.update_service
FNDA:0,CaddyManager.update_service
FN:570,590,CaddyManager.reload_caddy
FNDA:0,CaddyManager.reload_caddy
FNF:17
FNH:0
end_of_record
SF:services/compose_manager.py
DA:6,0
DA:7,0
DA:8,0
DA:9,0
DA:10,0
DA:12,0
DA:15,0
DA:18,0
DA:19,0
DA:20,0
DA:21,0
DA:23,0
DA:25,0
DA:26,0
DA:27,0
DA:28,0
DA:30,0
DA:31,0
DA:32,0
DA:33,0
DA:34,0
DA:35,0
DA:36,0
DA:37,0
DA:39,0
DA:41,0
DA:43,0
DA:45,0
DA:46,0
DA:47,0
DA:48,0
DA:49,0
DA:50,0
DA:51,0
DA:53,0
DA:55,0
DA:57,0
DA:58,0
DA:59,0
DA:60,0
DA:61,0
DA:64,0
DA:67,0
DA:68,0
DA:69,0
DA:71,0
DA:73,0
DA:74,0
DA:75,0
DA:76,0
DA:77,0
DA:79,0
DA:81,0
DA:83,0
DA:84,0
DA:85,0
DA:86,0
DA:87,0
DA:88,0
DA:91,0
DA:92,0
DA:93,0
DA:94,0
DA:95,0
DA:96,0
DA:97,0
DA:99,0
DA:101,0
DA:102,0
DA:104,0
DA:105,0
DA:106,0
DA:108,0
DA:109,0
DA:110,0
DA:112,0
DA:114,0
DA:115,0
DA:116,0
DA:118,0
DA:119,0
DA:120,0
DA:122,0
DA:124,0
DA:125,0
DA:126,0
DA:128,0
DA:129,0
DA:130,0
DA:132,0
DA:134,0
DA:135,0
DA:136,0
DA:138,0
DA:140,0
DA:141,0
DA:142,0
DA:144,0
DA:146,0
DA:147,0
DA:149,0
DA:150,0
DA:151,0
DA:153,0
DA:154,0
DA:155,0
DA:157,0
DA:159,0
DA:160,0
DA:162,0
DA:163,0
DA:164,0
DA:166,0
DA:167,0
DA:168,0
DA:170,0
DA:172,0
DA:173,0
DA:174,0
DA:176,0
DA:177,0
DA:179,0
DA:180,0
DA:182,0
DA:183,0
DA:184,0
DA:186,0
DA:187,0
DA:189,0
DA:190,0
DA:191,0
LF:131
LH:0
FN:18,21,ComposeManager.__init__
FNDA:0,ComposeManager.__init__
FN:23,37,ComposeManager.load_config
FNDA:0,ComposeManager.load_config
FN:39,41,ComposeManager.serialize_state
FNDA:0,ComposeManager.serialize_state
FN:43,51,ComposeManager.load_from_string
FNDA:0,ComposeManager.load_from_string
FN:53,77,ComposeManager.write_to_file
FNDA:0,ComposeManager.write_to_file
FN:79,97,ComposeManager.save_config
FNDA:0,ComposeManager.save_config
FN:99,110,ComposeManager.add_service
FNDA:0,ComposeManager.add_service
FN:112,120,ComposeManager.update_service
FNDA:0,ComposeManager.update_service
FN:122,130,ComposeManager.remove_service
FNDA:0,ComposeManager.remove_service
FN:132,136,ComposeManager.get_service
FNDA:0,ComposeManager.get_service
FN:138,142,ComposeManager.list_services
FNDA:0,ComposeManager.list_services
FN:144,155,ComposeManager.add_volume
FNDA:0,ComposeManager.add_volume
FN:157,168,ComposeManager.add_network
FNDA:0,ComposeManager.add_network
FN:170,191,ComposeManager.validate_config
FNDA:0,ComposeManager.validate_config
FNF:14
FNH:0
end_of_record
SF:services/database_service.py
DA:6,0
DA:7,0
DA:8,0
DA:9,0
DA:10,0
DA:11,0
DA:13,0
DA:16,0
DA:19,0
DA:22,0
DA:63,0
DA:65,0
DA:67,0
DA:68,0
DA:75,0
DA:76,0
DA:78,0
DA:79,0
DA:80,0
DA:82,0
DA:83,0
DA:85,0
DA:86,0
DA:87,0
DA:88,0
DA:89,0
DA:90,0
DA:91,0
DA:92,0
DA:93,0
DA:95,0
DA:97,0
DA:104,0
DA:105,0
DA:106,0
DA:108,0
DA:118,0
DA:120,0
DA:121,0
DA:122,0
DA:124,0
DA:128,0
DA:129,0
DA:132,0
DA:133,0
DA:134,0
DA:135,0
DA:136,0
DA:137,0
DA:140,0
DA:141,0
DA:143,0
DA:146,0
DA:148,0
DA:150,0
DA:157,0
DA:158,0
DA:161,0
DA:162,0
DA:163,0
DA:164,0
DA:165,0
DA:166,0
DA:167,0
DA:168,0
DA:169,0
DA:170,0
DA:171,0
DA:172,0
DA:173,0
DA:174,0
DA:175,0
DA:176,0
DA:177,0
DA:181,0
DA:182,0
DA:184,0
DA:189,0
DA:195,0
DA:197,0
DA:198,0
DA:201,0
DA:208,0
DA:210,0
DA:217,0
DA:218,0
DA:220,0
DA:222,0
DA:225,0
DA:231,0
DA:232,0
DA:233,0
DA:236,0
DA:243,0
DA:245,0
DA:247,0
DA:248,0
DA:255,0
DA:256,0
DA:259,0
DA:266,0
DA:267,0
DA:269,0
DA:271,0
DA:272,0
DA:274,0
DA:286,0
DA:287,0
DA:288,0
DA:290,0
DA:292,0
DA:293,0
DA:300,0
DA:301,0
DA:303,0
DA:306,0
DA:307,0
DA:309,0
DA:310,0
DA:311,0
DA:312,0
DA:313,0
DA:314,0
DA:315,0
DA:316,0
DA:318,0
DA:321,0
DA:322,0
DA:323,0
DA:324,0
DA:325,0
DA:327,0
DA:338,0
DA:339,0
DA:340,0
DA:342,0
DA:344,0
DA:346,0
DA:347,0
DA:348,0
DA:355,0
DA:356,0
DA:357,0
DA:358,0
DA:359,0
DA:362,0
DA:370,0
DA:377,0
DA:378,0
DA:380,0
DA:383,0
DA:384,0
DA:385,0
DA:386,0
DA:393,0
DA:394,0
DA:395,0
DA:397,0
DA:399,0
DA:405,0
DA:406,0
DA:407,0
DA:409,0
DA:411,0
DA:413,0
DA:420,0
DA:421,0
DA:423,0
DA:424,0
DA:426,0
DA:427,0
DA:428,0
DA:429,0
DA:430,0
DA:431,0
DA:433,0
DA:435,0
DA:436,0
DA:437,0
DA:439,0
DA:446,0
DA:447,0
DA:450,0
DA:451,0
DA:452,0
DA:453,0
DA:455,0
DA:482,0
DA:484,0
DA:486,0
DA:487,0
DA:489,0
DA:490,0
DA:491,0
DA:492,0
DA:493,0
DA:494,0
DA:496,0
DA:498,0
DA:500,0
DA:502,0
DA:503,0
DA:505,0
DA:506,0
DA:507,0
DA:508,0
DA:509,0
DA:510,0
DA:511,0
DA:512,0
DA:513,0
DA:514,0
DA:515,0
DA:517,0
DA:519,0
DA:521,0
DA:527,0
DA:528,0
DA:531,0
DA:532,0
DA:534,0
DA:540,0
DA:543,0
DA:544,0
DA:545,0
DA:546,0
DA:547,0
DA:548,0
DA:550,0
DA:551,0
DA:553,0
DA:559,0
DA:560,0
DA:563,0
DA:564,0
DA:566,0
DA:572,0
DA:575,0
DA:576,0
DA:577,0
DA:579,0
DA:580,0
DA:581,0
DA:582,0
DA:583,0
DA:585,0
DA:586,0
DA:588,0
DA:596,0
DA:597,0
DA:600,0
DA:601,0
DA:603,0
DA:610,0
DA:612,0
DA:613,0
LF:256
LH:0
FN:19,61,DatabaseService.__init__
FNDA:0,DatabaseService.__init__
FN:63,122,DatabaseService.list_databases
FNDA:0,DatabaseService.list_databases
FN:124,288,DatabaseService.create_database
FNDA:0,DatabaseService.create_database
FN:290,340,DatabaseService.get_database_info
FNDA:0,DatabaseService.get_database_info
FN:342,407,DatabaseService.delete_database
FNDA:0,DatabaseService.delete_database
FN:409,437,DatabaseService.backup_database
FNDA:0,DatabaseService.backup_database
FN:439,482,DatabaseService.get_connection_examples
FNDA:0,DatabaseService.get_connection_examples
FN:484,496,DatabaseService._extract_ports
FNDA:0,DatabaseService._extract_ports
FN:498,517,DatabaseService._find_available_port
FNDA:0,DatabaseService._find_available_port
FN:519,538,DatabaseService._backup_postgresql
FNDA:0,DatabaseService._backup_postgresql
FN:540,570,DatabaseService._backup_mysql
FNDA:0,DatabaseService._backup_mysql
FN:572,607,DatabaseService._backup_mongodb
FNDA:0,DatabaseService._backup_mongodb
FN:610,613,generate_password
FNDA:0,generate_password
FNF:13
FNH:0
end_of_record
SF:services/db_service.py
DA:1,0
DA:2,0
DA:3,0
DA:4,0
DA:5,0
DA:6,0
DA:7,0
DA:8,0
DA:9,0
DA:11,0
DA:13,0
DA:14,0
DA:15,0
DA:16,0
DA:17,0
DA:18,0
DA:19,0
DA:20,0
DA:22,0
DA:23,0
DA:30,0
DA:31,0
DA:32,0
DA:33,0
DA:34,0
DA:35,0
DA:37,0
DA:38,0
DA:39,0
DA:41,0
DA:42,0
DA:43,0
DA:44,0
DA:46,0
DA:47,0
DA:48,0
DA:49,0
DA:51,0
DA:52,0
DA:53,0
DA:54,0
DA:55,0
DA:56,0
DA:57,0
DA:58,0
DA:60,0
DA:62,0
DA:63,0
DA:64,0
DA:70,0
DA:71,0
DA:72,0
DA:73,0
DA:77,0
DA:78,0
DA:79,0
DA:84,0
DA:85,0
DA:86,0
DA:92,0
DA:93,0
DA:94,0
DA:95,0
DA:97,0
DA:98,0
DA:99,0
DA:101,0
DA:102,0
DA:103,0
DA:105,0
DA:106,0
DA:108,0
DA:110,0
DA:111,0
DA:112,0
DA:113,0
DA:115,0
DA:116,0
DA:118,0
DA:119,0
DA:120,0
DA:121,0
DA:123,0
DA:124,0
DA:125,0
DA:126,0
DA:128,0
DA:129,0
DA:130,0
DA:131,0
DA:132,0
DA:133,0
DA:134,0
DA:135,0
DA:137,0
DA:138,0
DA:139,0
DA:145,0
DA:146,0
DA:147,0
DA:149,0
DA:150,0
DA:151,0
DA:152,0
DA:154,0
DA:156,0
DA:157,0
DA:158,0
DA:160,0
DA:162,0
DA:168,0
DA:169,0
DA:170,0
DA:175,0
DA:177,0
LF:115
LH:0
FN:14,35,DatabaseService.__init__
FNDA:0,DatabaseService.__init__
FN:38,39,DatabaseService.is_available
FNDA:0,DatabaseService.is_available
FN:41,44,DatabaseService.get_engine
FNDA:0,DatabaseService.get_engine
FN:47,60,DatabaseService.get_session
FNDA:0,DatabaseService.get_session
FN:62,90,DatabaseService.health_check
FNDA:0,DatabaseService.health_check
FN:92,121,DatabaseService.run_migrations
FNDA:0,DatabaseService.run_migrations
FN:123,135,DatabaseService.create_all_tables
FNDA:0,DatabaseService.create_all_tables
FN:137,173,DatabaseService.get_migration_status
FNDA:0,DatabaseService.get_migration_status
FNF:8
FNH:0
end_of_record
SF:services/deployment_analyzer.py
DA:1,0
DA:2,0
DA:3,0
DA:4,0
DA:5,0
DA:6,0
DA:7,0
DA:9,0
DA:11,0
DA:12,0
DA:14,0
DA:15,0
DA:16,0
DA:17,0
DA:18,0
DA:19,0
DA:20,0
DA:21,0
DA:22,0
DA:23,0
DA:24,0
DA:25,0
DA:26,0
DA:28,0
DA:29,0
DA:30,0
DA:31,0
DA:32,0
DA:34,0
DA:35,0
DA:38,0
DA:41,0
DA:42,0
DA:44,0
DA:55,0
DA:56,0
DA:58,0
DA:59,0
DA:61,0
DA:62,0
DA:64,0
DA:65,0
DA:67,0
DA:68,0
DA:70,0
DA:71,0
DA:73,0
DA:74,0
DA:76,0
DA:77,0
DA:79,0
DA:81,0
DA:83,0
DA:94,0
DA:95,0
DA:101,0
DA:102,0
DA:103,0
DA:104,0
DA:106,0
DA:107,0
DA:108,0
DA:109,0
DA:111,0
DA:112,0
DA:114,0
DA:115,0
DA:117,0
DA:118,0
DA:119,0
DA:120,0
DA:121,0
DA:123,0
DA:124,0
DA:125,0
DA:126,0
DA:127,0
DA:128,0
DA:130,0
DA:131,0
DA:133,0
DA:143,0
DA:145,0
DA:146,0
DA:148,0
DA:149,0
DA:151,0
DA:162,0
DA:163,0
DA:164,0
DA:165,0
DA:166,0
DA:167,0
DA:168,0
DA:169,0
DA:170,0
DA:172,0
DA:173,0
DA:175,0
DA:177,0
DA:179,0
DA:180,0
DA:182,0
DA:183,0
DA:185,0
DA:186,0
DA:188,0
DA:189,0
DA:190,0
DA:191,0
DA:192,0
DA:193,0
DA:195,0
DA:196,0
DA:198,0
DA:208,0
DA:210,0
DA:211,0
DA:212,0
DA:214,0
DA:215,0
DA:216,0
DA:217,0
DA:218,0
DA:219,0
DA:221,0
DA:222,0
DA:224,0
DA:225,0
DA:226,0
DA:227,0
DA:228,0
DA:229,0
DA:230,0
DA:231,0
DA:232,0
DA:234,0
DA:235,0
DA:236,0
DA:237,0
DA:238,0
DA:239,0
DA:240,0
DA:241,0
DA:242,0
DA:243,0
DA:244,0
DA:245,0
DA:246,0
DA:247,0
DA:249,0
DA:250,0
DA:251,0
DA:252,0
DA:253,0
DA:254,0
DA:255,0
DA:256,0
DA:257,0
DA:258,0
DA:259,0
DA:260,0
DA:261,0
DA:262,0
DA:263,0
DA:264,0
DA:265,0
DA:266,0
DA:267,0
DA:268,0
DA:269,0
DA:271,0
DA:272,0
DA:274,0
DA:289,0
DA:290,0
DA:291,0
DA:292,0
DA:293,0
DA:294,0
DA:296,0
DA:297,0
DA:298,0
DA:300,0
DA:315,0
DA:317,0
DA:318,0
DA:319,0
DA:321,0
DA:322,0
DA:324,0
DA:325,0
DA:327,0
DA:328,0
DA:329,0
DA:330,0
DA:331,0
DA:332,0
DA:333,0
DA:334,0
DA:335,0
DA:336,0
DA:338,0
DA:339,0
DA:340,0
DA:341,0
DA:342,0
DA:343,0
DA:344,0
DA:345,0
DA:347,0
DA:348,0
DA:349,0
DA:350,0
DA:351,0
DA:352,0
DA:353,0
DA:354,0
DA:355,0
DA:356,0
DA:357,0
DA:358,0
DA:359,0
DA:360,0
DA:361,0
DA:362,0
DA:363,0
DA:364,0
DA:365,0
DA:366,0
DA:368,0
DA:381,0
DA:382,0
DA:383,0
DA:384,0
DA:385,0
DA:386,0
DA:388,0
DA:402,0
DA:404,0
DA:405,0
DA:406,0
DA:408,0
DA:417,0
DA:418,0
DA:420,0
DA:422,0
DA:432,0
DA:434,0
DA:435,0
DA:437,0
DA:438,0
DA:440,0
DA:441,0
DA:442,0
DA:444,0
DA:445,0
DA:446,0
DA:447,0
DA:448,0
DA:450,0
DA:451,0
DA:452,0
DA:453,0
DA:454,0
DA:455,0
DA:457,0
DA:458,0
DA:459,0
DA:460,0
DA:461,0
DA:463,0
DA:476,0
DA:478,0
DA:479,0
DA:481,0
DA:482,0
DA:484,0
DA:485,0
DA:486,0
DA:487,0
DA:488,0
DA:490,0
DA:491,0
DA:492,0
DA:493,0
DA:494,0
DA:495,0
DA:496,0
DA:497,0
DA:498,0
DA:499,0
DA:500,0
DA:501,0
DA:503,0
DA:504,0
DA:505,0
DA:506,0
DA:507,0
DA:508,0
DA:509,0
DA:510,0
DA:511,0
DA:512,0
DA:514,0
DA:527,0
DA:529,0
DA:530,0
DA:532,0
DA:533,0
DA:535,0
DA:536,0
DA:538,0
DA:539,0
DA:540,0
DA:541,0
DA:542,0
DA:543,0
DA:544,0
DA:545,0
DA:546,0
DA:547,0
DA:549,0
DA:550,0
DA:551,0
DA:552,0
DA:554,0
DA:567,0
DA:569,0
DA:570,0
DA:571,0
DA:573,0
DA:574,0
DA:576,0
DA:577,0
DA:578,0
DA:579,0
DA:580,0
DA:581,0
DA:582,0
DA:583,0
DA:584,0
DA:586,0
DA:587,0
DA:588,0
DA:589,0
DA:591,0
DA:604,0
DA:615,0
DA:616,0
DA:617,0
DA:618,0
DA:620,0
DA:630,0
DA:631,0
DA:632,0
DA:633,0
DA:634,0
DA:635,0
DA:636,0
DA:637,0
DA:638,0
DA:639,0
DA:640,0
DA:641,0
DA:642,0
DA:644,0
DA:647,0
LF:368
LH:0
FN:28,32,AnalysisResult.__post_init__
FNDA:0,AnalysisResult.__post_init__
FN:34,35,AnalysisResult.to_dict
FNDA:0,AnalysisResult.to_dict
FN:41,42,DeploymentAnalyzer.__init__
FNDA:0,DeploymentAnalyzer.__init__
FN:44,81,DeploymentAnalyzer._calculate_evidence_score
FNDA:0,DeploymentAnalyzer._calculate_evidence_score
FN:83,131,DeploymentAnalyzer._reconcile_results
FNDA:0,DeploymentAnalyzer._reconcile_results
FN:133,175,DeploymentAnalyzer.analyze_artifact
FNDA:0,DeploymentAnalyzer.analyze_artifact
FN:177,206,DeploymentAnalyzer.detect_dockerfile
FNDA:0,DeploymentAnalyzer.detect_dockerfile
FN:208,313,DeploymentAnalyzer.detect_nodejs
FNDA:0,DeploymentAnalyzer.detect_nodejs
FN:315,400,DeploymentAnalyzer.detect_python
FNDA:0,DeploymentAnalyzer.detect_python
FN:402,430,DeploymentAnalyzer.detect_static_site
FNDA:0,DeploymentAnalyzer.detect_static_site
FN:432,474,DeploymentAnalyzer.detect_php
FNDA:0,DeploymentAnalyzer.detect_php
FN:476,525,DeploymentAnalyzer.detect_java
FNDA:0,DeploymentAnalyzer.detect_java
FN:527,565,DeploymentAnalyzer.detect_go
FNDA:0,DeploymentAnalyzer.detect_go
FN:567,602,DeploymentAnalyzer.detect_rust
FNDA:0,DeploymentAnalyzer.detect_rust
FN:604,618,DeploymentAnalyzer._find_file
FNDA:0,DeploymentAnalyzer._find_file
FN:620,644,DeploymentAnalyzer._extract_exposed_ports
FNDA:0,DeploymentAnalyzer._extract_exposed_ports
FNF:16
FNH:0
end_of_record
SF:services/deployment_service.py
DA:6,0
DA:7,0
DA:8,0
DA:9,0
DA:10,0
DA:11,0
DA:12,0
DA:14,0
DA:17,0
DA:20,0
DA:24,0
DA:25,0
DA:26,0
DA:27,0
DA:29,0
DA:49,0
DA:50,0
DA:51,0
DA:54,0
DA:55,0
DA:56,0
DA:58,0
DA:60,0
DA:61,0
DA:62,0
DA:65,0
DA:66,0
DA:69,0
DA:72,0
DA:77,0
DA:78,0
DA:81,0
DA:82,0
DA:83,0
DA:84,0
DA:85,0
DA:88,0
DA:89,0
DA:92,0
DA:93,0
DA:94,0
DA:97,0
DA:98,0
DA:99,0
DA:102,0
DA:103,0
DA:106,0
DA:107,0
DA:108,0
DA:111,0
DA:113,0
DA:114,0
DA:115,0
DA:116,0
DA:119,0
DA:120,0
DA:121,0
DA:123,0
DA:124,0
DA:126,0
DA:127,0
DA:130,0
DA:132,0
DA:133,0
DA:134,0
DA:135,0
DA:136,0
DA:137,0
DA:138,0
DA:139,0
DA:141,0
DA:142,0
DA:143,0
DA:145,0
DA:146,0
DA:147,0
DA:148,0
DA:149,0
DA:150,0
DA:151,0
DA:152,0
DA:154,0
DA:155,0
DA:156,0
DA:158,0
DA:159,0
DA:160,0
DA:161,0
DA:162,0
DA:163,0
DA:164,0
DA:165,0
DA:167,0
DA:168,0
DA:169,0
DA:171,0
DA:172,0
DA:173,0
DA:175,0
DA:177,0
DA:179,0
DA:189,0
DA:191,0
DA:193,0
DA:195,0
DA:197,0
DA:198,0
DA:200,0
DA:201,0
DA:202,0
DA:203,0
DA:205,0
DA:206,0
DA:208,0
DA:210,0
DA:212,0
DA:218,0
DA:225,0
DA:226,0
DA:227,0
DA:228,0
DA:229,0
DA:232,0
DA:233,0
DA:239,0
DA:240,0
DA:243,0
DA:244,0
DA:247,0
DA:248,0
DA:251,0
DA:252,0
DA:255,0
DA:256,0
DA:258,0
DA:260,0
DA:271,0
DA:273,0
DA:274,0
DA:275,0
DA:278,0
DA:279,0
DA:282,0
DA:283,0
DA:284,0
DA:285,0
DA:286,0
DA:289,0
DA:291,0
DA:293,0
DA:294,0
DA:296,0
DA:297,0
DA:298,0
DA:300,0
DA:313,0
DA:314,0
DA:315,0
DA:316,0
DA:319,0
DA:322,0
DA:323,0
DA:325,0
DA:327,0
DA:328,0
DA:330,0
DA:331,0
DA:332,0
DA:334,0
DA:336,0
DA:337,0
DA:338,0
DA:341,0
DA:342,0
DA:349,0
DA:350,0
DA:351,0
DA:352,0
DA:360,0
DA:366,0
DA:367,0
DA:374,0
DA:376,0
DA:378,0
DA:379,0
DA:386,0
DA:387,0
DA:389,0
DA:391,0
DA:392,0
DA:393,0
DA:395,0
DA:397,0
DA:398,0
DA:399,0
DA:400,0
DA:401,0
DA:402,0
LF:198
LH:0
FN:20,27,DeploymentService.__init__
FNDA:0,DeploymentService.__init__
FN:29,177,DeploymentService.deploy_service
FNDA:0,DeploymentService.deploy_service
FN:179,210,DeploymentService._prepare_environment_vars
FNDA:0,DeploymentService._prepare_environment_vars
FN:212,258,DeploymentService._build_service_config
FNDA:0,DeploymentService._build_service_config
FN:260,298,DeploymentService.remove_service
FNDA:0,DeploymentService.remove_service
FN:300,332,DeploymentService.update_service
FNDA:0,DeploymentService.update_service
FN:334,374,DeploymentService.get_service_status
FNDA:0,DeploymentService.get_service_status
FN:376,393,DeploymentService.rebuild_service
FNDA:0,DeploymentService.rebuild_service
FN:395,402,DeploymentService.list_all_services
FNDA:0,DeploymentService.list_all_services
FNF:9
FNH:0
end_of_record
SF:services/docker_service.py
DA:1,0
DA:2,0
DA:3,0
DA:4,0
DA:5,0
DA:7,0
DA:9,0
DA:10,0
DA:13,0
DA:15,0
DA:18,0
DA:20,0
DA:27,0
DA:28,0
DA:29,0
DA:31,0
DA:34,0
DA:41,0
DA:42,0
DA:43,0
DA:46,0
DA:47,0
DA:48,0
DA:49,0
DA:51,0
DA:52,0
DA:53,0
DA:55,0
DA:56,0
DA:57,0
DA:58,0
DA:59,0
DA:62,0
DA:63,0
DA:64,0
DA:65,0
DA:66,0
DA:68,0
DA:82,0
DA:83,0
DA:84,0
DA:86,0
DA:88,0
DA:89,0
DA:96,0
DA:97,0
DA:98,0
DA:100,0
DA:101,0
DA:102,0
DA:103,0
DA:104,0
DA:112,0
DA:113,0
DA:114,0
DA:115,0
DA:117,0
DA:119,0
DA:120,0
DA:127,0
DA:128,0
DA:129,0
DA:131,0
DA:132,0
DA:133,0
DA:134,0
DA:135,0
DA:136,0
DA:137,0
DA:139,0
DA:141,0
DA:142,0
DA:149,0
DA:150,0
DA:151,0
DA:153,0
DA:154,0
DA:155,0
DA:156,0
DA:157,0
DA:158,0
DA:159,0
DA:161,0
DA:163,0
DA:164,0
DA:171,0
DA:172,0
DA:173,0
DA:175,0
DA:176,0
DA:177,0
DA:178,0
DA:179,0
DA:180,0
DA:181,0
DA:183,0
DA:185,0
DA:186,0
DA:193,0
DA:194,0
DA:196,0
DA:197,0
DA:198,0
DA:199,0
DA:200,0
DA:202,0
DA:204,0
DA:205,0
DA:206,0
DA:207,0
DA:208,0
DA:209,0
DA:210,0
DA:211,0
DA:212,0
DA:213,0
DA:215,0
DA:216,0
DA:217,0
DA:219,0
DA:221,0
DA:222,0
DA:223,0
DA:224,0
DA:225,0
DA:226,0
DA:227,0
DA:228,0
LF:128
LH:0
FN:10,13,DockerService.__init__
FNDA:0,DockerService.__init__
FN:15,84,DockerService.get_container_status
FNDA:0,DockerService.get_container_status
FN:86,115,DockerService.list_all_containers
FNDA:0,DockerService.list_all_containers
FN:117,137,DockerService.start_container
FNDA:0,DockerService.start_container
FN:139,159,DockerService.stop_container
FNDA:0,DockerService.stop_container
FN:161,181,DockerService.restart_container
FNDA:0,DockerService.restart_container
FN:183,200,DockerService.get_container_logs
FNDA:0,DockerService.get_container_logs
FN:202,217,DockerService._parse_memory
FNDA:0,DockerService._parse_memory
FN:219,228,DockerService._format_ports
FNDA:0,DockerService._format_ports
FNF:9
FNH:0
end_of_record
SF:services/domain_service.py
DA:6,0
DA:7,0
DA:8,0
DA:9,0
DA:10,0
DA:11,0
DA:12,0
DA:15,0
DA:19,0
DA:71,0
DA:72,0
DA:74,0
DA:75,0
DA:77,0
DA:94,0
DA:96,0
DA:97,0
DA:98,0
DA:101,0
DA:102,0
DA:103,0
DA:105,0
DA:106,0
DA:107,0
DA:110,0
DA:111,0
DA:112,0
DA:113,0
DA:114,0
DA:116,0
DA:117,0
DA:118,0
DA:119,0
DA:120,0
DA:121,0
DA:122,0
DA:123,0
DA:124,0
DA:125,0
DA:126,0
DA:127,0
DA:129,0
DA:131,0
DA:132,0
DA:134,0
DA:135,0
DA:136,0
DA:137,0
DA:142,0
DA:143,0
DA:145,0
DA:146,0
DA:148,0
DA:149,0
DA:150,0
DA:151,0
DA:152,0
DA:155,0
DA:156,0
DA:157,0
DA:159,0
DA:162,0
DA:165,0
DA:166,0
DA:168,0
DA:169,0
DA:170,0
DA:171,0
DA:172,0
DA:173,0
DA:175,0
DA:176,0
DA:177,0
DA:178,0
DA:179,0
DA:180,0
DA:182,0
DA:189,0
DA:190,0
DA:195,0
DA:196,0
DA:198,0
DA:199,0
DA:200,0
DA:201,0
DA:202,0
DA:204,0
DA:205,0
DA:207,0
DA:209,0
DA:220,0
DA:221,0
DA:222,0
DA:224,0
DA:226,0
DA:227,0
DA:229,0
DA:231,0
DA:232,0
DA:233,0
DA:235,0
DA:246,0
DA:247,0
DA:248,0
DA:249,0
DA:250,0
DA:251,0
DA:253,0
DA:255,0
LF:109
LH:0
FN:72,129,DomainService.check_domain_health
FNDA:0,DomainService.check_domain_health
FN:132,143,DomainService._check_dns
FNDA:0,DomainService._check_dns
FN:146,193,DomainService._check_ssl
FNDA:0,DomainService._check_ssl
FN:196,202,DomainService.check_all_domains
FNDA:0,DomainService.check_all_domains
FN:205,224,DomainService.get_summary
FNDA:0,DomainService.get_summary
FN:227,255,DomainService.get_ssl_certificates
FNDA:0,DomainService.get_ssl_certificates
FNF:6
FNH:0
end_of_record
SF:services/env_manager.py
DA:6,0
DA:7,0
DA:8,0
DA:9,0
DA:10,0
DA:12,0
DA:15,0
DA:18,0
DA:19,0
DA:20,0
DA:21,0
DA:22,0
DA:24,0
DA:26,0
DA:27,0
DA:28,0
DA:29,0
DA:31,0
DA:32,0
DA:33,0
DA:35,0
DA:36,0
DA:37,0
DA:39,0
DA:40,0
DA:43,0
DA:44,0
DA:45,0
DA:46,0
DA:49,0
DA:50,0
DA:51,0
DA:52,0
DA:55,0
DA:56,0
DA:57,0
DA:58,0
DA:60,0
DA:62,0
DA:63,0
DA:64,0
DA:66,0
DA:67,0
DA:68,0
DA:69,0
DA:70,0
DA:72,0
DA:74,0
DA:75,0
DA:76,0
DA:79,0
DA:80,0
DA:81,0
DA:82,0
DA:83,0
DA:84,0
DA:87,0
DA:88,0
DA:89,0
DA:91,0
DA:92,0
DA:94,0
DA:96,0
DA:97,0
DA:98,0
DA:100,0
DA:102,0
DA:104,0
DA:105,0
DA:106,0
DA:107,0
DA:109,0
DA:110,0
DA:113,0
DA:114,0
DA:115,0
DA:116,0
DA:119,0
DA:120,0
DA:121,0
DA:122,0
DA:125,0
DA:126,0
DA:127,0
DA:128,0
DA:130,0
DA:132,0
DA:133,0
DA:134,0
DA:136,0
DA:137,0
DA:138,0
DA:139,0
DA:140,0
DA:142,0
DA:144,0
DA:146,0
DA:147,0
DA:148,0
DA:149,0
DA:150,0
DA:153,0
DA:156,0
DA:157,0
DA:158,0
DA:160,0
DA:162,0
DA:163,0
DA:164,0
DA:165,0
DA:166,0
DA:168,0
DA:170,0
DA:172,0
DA:173,0
DA:174,0
DA:175,0
DA:176,0
DA:177,0
DA:180,0
DA:181,0
DA:183,0
DA:184,0
DA:185,0
DA:186,0
DA:187,0
DA:189,0
DA:191,0
DA:193,0
DA:195,0
DA:196,0
DA:197,0
DA:198,0
DA:199,0
DA:201,0
DA:203,0
DA:204,0
DA:205,0
DA:206,0
DA:207,0
DA:208,0
DA:210,0
DA:211,0
DA:213,0
DA:215,0
DA:216,0
DA:217,0
DA:219,0
DA:221,0
DA:222,0
DA:223,0
DA:225,0
DA:227,0
DA:228,0
DA:229,0
DA:230,0
DA:232,0
DA:234,0
DA:235,0
LF:159
LH:0
FN:18,22,EnvManager.__init__
FNDA:0,EnvManager.__init__
FN:24,70,EnvManager.load_env
FNDA:0,EnvManager.load_env
FN:72,100,EnvManager.serialize_state
FNDA:0,EnvManager.serialize_state
FN:102,140,EnvManager.load_from_string
FNDA:0,EnvManager.load_from_string
FN:142,166,EnvManager.write_to_file
FNDA:0,EnvManager.write_to_file
FN:168,187,EnvManager.save_env
FNDA:0,EnvManager.save_env
FN:189,191,EnvManager.get
FNDA:0,EnvManager.get
FN:193,199,EnvManager.set
FNDA:0,EnvManager.set
FN:201,211,EnvManager.delete
FNDA:0,EnvManager.delete
FN:213,217,EnvManager.list_variables
FNDA:0,EnvManager.list_variables
FN:219,223,EnvManager.generate_secret
FNDA:0,EnvManager.generate_secret
FN:225,230,EnvManager.bulk_set
FNDA:0,EnvManager.bulk_set
FN:232,235,EnvManager.validate_required
FNDA:0,EnvManager.validate_required
FNF:13
FNH:0
end_of_record
SF:services/file_validator.py
DA:1,0
DA:2,0
DA:3,0
DA:4,0
DA:5,0
DA:6,0
DA:7,0
DA:9,0
DA:11,0
DA:14,0
DA:20,0
DA:24,0
DA:35,0
DA:50,0
DA:63,0
DA:64,0
DA:65,0
DA:66,0
DA:68,0
DA:78,0
DA:79,0
DA:80,0
DA:81,0
DA:82,0
DA:84,0
DA:94,0
DA:95,0
DA:97,0
DA:99,0
DA:100,0
DA:102,0
DA:104,0
DA:115,0
DA:118,0
DA:119,0
DA:120,0
DA:123,0
DA:124,0
DA:126,0
DA:128,0
DA:139,0
DA:140,0
DA:141,0
DA:142,0
DA:143,0
DA:145,0
DA:146,0
DA:147,0
DA:148,0
DA:150,0
DA:151,0
DA:153,0
DA:154,0
DA:156,0
DA:157,0
DA:159,0
DA:160,0
DA:162,0
DA:163,0
DA:165,0
DA:167,0
DA:178,0
DA:179,0
DA:180,0
DA:182,0
DA:190,0
DA:191,0
DA:192,0
DA:193,0
DA:195,0
DA:196,0
DA:197,0
DA:199,0
DA:201,0
DA:212,0
DA:214,0
DA:215,0
DA:216,0
DA:218,0
DA:219,0
DA:220,0
DA:222,0
DA:223,0
DA:224,0
DA:226,0
DA:227,0
DA:228,0
DA:230,0
DA:231,0
DA:232,0
DA:233,0
DA:234,0
DA:235,0
DA:236,0
DA:238,0
DA:240,0
DA:250,0
DA:251,0
DA:253,0
DA:254,0
DA:255,0
DA:257,0
DA:260,0
DA:261,0
DA:262,0
DA:265,0
DA:266,0
DA:267,0
DA:268,0
DA:270,0
DA:271,0
DA:274,0
DA:275,0
DA:276,0
DA:277,0
DA:279,0
DA:281,0
DA:282,0
DA:283,0
DA:284,0
DA:285,0
DA:287,0
DA:300,0
DA:301,0
DA:302,0
DA:305,0
DA:306,0
DA:307,0
DA:310,0
DA:311,0
DA:312,0
DA:315,0
DA:316,0
DA:317,0
DA:318,0
DA:320,0
DA:321,0
DA:325,0
LF:138
LH:0
FN:63,66,FileValidator.__init__
FNDA:0,FileValidator.__init__
FN:68,82,FileValidator.check_file_size
FNDA:0,FileValidator.check_file_size
FN:84,102,FileValidator.check_file_type
FNDA:0,FileValidator.check_file_type
FN:104,126,FileValidator.sanitize_filename
FNDA:0,FileValidator.sanitize_filename
FN:128,165,FileValidator._scan_shell_script
FNDA:0,FileValidator._scan_shell_script
FN:167,199,FileValidator._check_for_disguised_binary
FNDA:0,FileValidator._check_for_disguised_binary
FN:201,238,FileValidator.scan_for_threats
FNDA:0,FileValidator.scan_for_threats
FN:240,285,FileValidator.validate_zip_contents
FNDA:0,FileValidator.validate_zip_contents
FN:287,321,FileValidator.validate_file
FNDA:0,FileValidator.validate_file
FNF:9
FNH:0
end_of_record
SF:services/google/__init__.py
DA:2,0
DA:3,0
DA:5,0
LF:3
LH:0
end_of_record
SF:services/google/calendar_service.py
DA:2,0
DA:3,0
DA:4,0
DA:5,0
DA:6,0
DA:7,0
DA:8,0
DA:10,0
DA:13,0
DA:16,0
DA:18,0
DA:20,0
DA:21,0
DA:28,0
DA:29,0
DA:31,0
DA:32,0
DA:33,0
DA:43,0
DA:44,0
DA:46,0
DA:47,0
DA:68,0
DA:71,0
DA:78,0
DA:79,0
DA:81,0
DA:83,0
DA:84,0
DA:86,0
DA:87,0
DA:89,0
DA:90,0
DA:92,0
DA:93,0
DA:94,0
DA:95,0
DA:97,0
DA:112,0
DA:113,0
DA:115,0
DA:116,0
DA:133,0
DA:134,0
DA:136,0
DA:143,0
DA:144,0
DA:145,0
DA:146,0
DA:148,0
DA:149,0
DA:150,0
DA:151,0
DA:153,0
DA:154,0
DA:157,0
DA:158,0
DA:183,0
DA:185,0
DA:199,0
DA:200,0
DA:202,0
DA:207,0
DA:208,0
DA:211,0
DA:212,0
DA:223,0
DA:224,0
DA:229,0
DA:230,0
DA:234,0
LF:71
LH:0
FN:16,18,CalendarService.__init__
FNDA:0,CalendarService.__init__
FN:21,44,CalendarService.list_calendars
FNDA:0,CalendarService.list_calendars
FN:47,113,CalendarService.list_events
FNDA:0,CalendarService.list_events
FN:116,154,CalendarService.get_upcoming_automation_events
FNDA:0,CalendarService.get_upcoming_automation_events
FN:158,208,CalendarService.create_event
FNDA:0,CalendarService.create_event
FN:212,230,CalendarService.delete_event
FNDA:0,CalendarService.delete_event
FNF:6
FNH:0
end_of_record
SF:services/google/drive_service.py
DA:2,0
DA:3,0
DA:4,0
DA:5,0
DA:6,0
DA:7,0
DA:8,0
DA:9,0
DA:10,0
DA:12,0
DA:15,0
DA:19,0
DA:22,0
DA:23,0
DA:24,0
DA:26,0
DA:28,0
DA:29,0
DA:31,0
DA:38,0
DA:39,0
DA:41,0
DA:42,0
DA:45,0
DA:46,0
DA:52,0
DA:54,0
DA:55,0
DA:56,0
DA:59,0
DA:63,0
DA:68,0
DA:69,0
DA:71,0
DA:73,0
DA:74,0
DA:75,0
DA:77,0
DA:78,0
DA:95,0
DA:96,0
DA:97,0
DA:99,0
DA:102,0
DA:103,0
DA:106,0
DA:107,0
DA:110,0
DA:111,0
DA:112,0
DA:113,0
DA:115,0
DA:118,0
DA:123,0
DA:124,0
DA:127,0
DA:133,0
DA:139,0
DA:141,0
DA:151,0
DA:152,0
DA:153,0
DA:154,0
DA:155,0
DA:156,0
DA:158,0
DA:159,0
DA:174,0
DA:175,0
DA:178,0
DA:179,0
DA:182,0
DA:183,0
DA:190,0
DA:192,0
DA:193,0
DA:194,0
DA:204,0
DA:205,0
DA:207,0
DA:208,0
DA:209,0
DA:210,0
DA:211,0
DA:212,0
DA:214,0
DA:215,0
DA:230,0
DA:231,0
DA:234,0
DA:240,0
DA:242,0
DA:243,0
DA:244,0
DA:245,0
DA:246,0
DA:247,0
DA:248,0
DA:250,0
DA:252,0
DA:259,0
DA:260,0
DA:261,0
DA:262,0
DA:263,0
DA:264,0
DA:266,0
DA:276,0
DA:277,0
DA:278,0
DA:280,0
DA:281,0
DA:283,0
DA:284,0
DA:285,0
DA:286,0
DA:287,0
DA:288,0
DA:290,0
DA:305,0
DA:306,0
DA:307,0
DA:309,0
DA:310,0
DA:311,0
DA:313,0
DA:314,0
DA:316,0
DA:317,0
DA:318,0
DA:319,0
DA:321,0
DA:323,0
DA:331,0
DA:332,0
DA:334,0
DA:335,0
DA:336,0
DA:338,0
DA:339,0
DA:346,0
DA:347,0
DA:348,0
DA:350,0
DA:352,0
DA:359,0
DA:360,0
DA:361,0
DA:362,0
DA:363,0
DA:364,0
DA:368,0
LF:152
LH:0
FN:26,29,DriveService.__init__
FNDA:0,DriveService.__init__
FN:31,75,DriveService._get_or_create_backup_folder
FNDA:0,DriveService._get_or_create_backup_folder
FN:78,156,DriveService.upload_backup
FNDA:0,DriveService.upload_backup
FN:159,212,DriveService.list_backups
FNDA:0,DriveService.list_backups
FN:215,264,DriveService.download_backup
FNDA:0,DriveService.download_backup
FN:266,288,DriveService.delete_backup
FNDA:0,DriveService.delete_backup
FN:290,336,DriveService.cleanup_old_backups
FNDA:0,DriveService.cleanup_old_backups
FN:339,364,DriveService.get_storage_info
FNDA:0,DriveService.get_storage_info
FNF:8
FNH:0
end_of_record
SF:services/google/error_handler.py
DA:2,0
DA:3,0
DA:4,0
DA:5,0
DA:6,0
[...]
FNDA:0,GoogleClientManager.get_gmail_client
FN:312,329,GoogleClientManager.get_drive_client
FNDA:0,GoogleClientManager.get_drive_client
FN:331,378,GoogleClientManager.test_connection
FNDA:0,GoogleClientManager.test_connection
FNF:9
FNH:0
end_of_record
SF:services/google/orchestrator.py
DA:2,0
DA:3,0
DA:4,0
DA:5,0
DA:6,0
DA:7,0
DA:8,0
DA:10,0
DA:13,0
DA:16,0
DA:18,0
DA:20,0
DA:21,0
DA:22,0
DA:23,0
DA:25,0
DA:32,0
DA:38,0
DA:40,0
DA:41,0
DA:42,0
DA:43,0
DA:45,0
DA:46,0
DA:48,0
DA:49,0
DA:50,0
DA:57,0
DA:58,0
DA:59,0
DA:60,0
DA:62,0
DA:64,0
DA:65,0
DA:67,0
DA:69,0
DA:79,0
DA:80,0
DA:81,0
DA:87,0
DA:89,0
DA:96,0
DA:97,0
DA:98,0
DA:99,0
DA:100,0
DA:101,0
DA:103,0
DA:104,0
DA:106,0
DA:107,0
DA:108,0
DA:109,0
DA:113,0
DA:114,0
DA:116,0
DA:118,0
DA:119,0
DA:120,0
DA:126,0
DA:133,0
DA:154,0
DA:161,0
DA:162,0
DA:164,0
DA:165,0
DA:166,0
DA:167,0
DA:168,0
DA:169,0
DA:170,0
DA:171,0
DA:172,0
DA:173,0
DA:176,0
DA:178,0
DA:184,0
DA:199,0
DA:200,0
DA:203,0
DA:205,0
DA:215,0
DA:216,0
DA:217,0
DA:218,0
DA:220,0
DA:230,0
DA:231,0
DA:232,0
DA:233,0
DA:234,0
DA:236,0
DA:237,0
DA:239,0
DA:241,0
DA:249,0
DA:250,0
DA:251,0
DA:255,0
LF:99
LH:0
FN:18,23,GoogleServicesOrchestrator.__init__
FNDA:0,GoogleServicesOrchestrator.__init__
FN:25,67,GoogleServicesOrchestrator.get_status
FNDA:0,GoogleServicesOrchestrator.get_status
FN:69,124,GoogleServicesOrchestrator.check_service_health
FNDA:0,GoogleServicesOrchestrator.check_service_health
FN:126,152,GoogleServicesOrchestrator.get_configuration
FNDA:0,GoogleServicesOrchestrator.get_configuration
FN:154,182,GoogleServicesOrchestrator.reset_connections
FNDA:0,GoogleServicesOrchestrator.reset_connections
FN:184,251,GoogleServicesOrchestrator.send_status_notification
FNDA:0,GoogleServicesOrchestrator.send_status_notification
FNF:6
FNH:0
end_of_record
SF:services/home_assistant_service.py
DA:2,0
DA:3,0
DA:4,0
DA:5,0
DA:6,0
DA:7,0
DA:8,0
DA:9,0
DA:10,0
DA:11,0
DA:13,0
DA:16,0
DA:18,0
DA:19,0
DA:20,0
DA:21,0
DA:22,0
DA:25,0
DA:27,0
DA:28,0
DA:29,0
DA:30,0
DA:31,0
DA:32,0
DA:35,0
DA:38,0
DA:46,0
DA:47,0
DA:49,0
DA:50,0
DA:51,0
DA:52,0
DA:53,0
DA:55,0
DA:56,0
DA:57,0
DA:58,0
DA:59,0
DA:61,0
DA:62,0
DA:63,0
DA:65,0
DA:66,0
DA:68,0
DA:69,0
DA:70,0
DA:71,0
DA:72,0
DA:73,0
DA:74,0
DA:75,0
DA:76,0
DA:77,0
DA:78,0
DA:79,0
DA:80,0
DA:81,0
DA:82,0
DA:83,0
DA:85,0
DA:86,0
DA:87,0
DA:88,0
DA:89,0
DA:90,0
DA:91,0
DA:92,0
DA:93,0
DA:94,0
DA:95,0
DA:96,0
DA:98,0
DA:99,0
DA:100,0
DA:101,0
DA:102,0
DA:104,0
DA:105,0
DA:106,0
DA:107,0
DA:109,0
DA:111,0
DA:112,0
DA:113,0
DA:114,0
DA:115,0
DA:116,0
DA:117,0
DA:118,0
DA:119,0
DA:120,0
DA:121,0
DA:122,0
DA:123,0
DA:124,0
DA:125,0
DA:126,0
DA:127,0
DA:128,0
DA:129,0
DA:130,0
DA:131,0
DA:133,0
DA:135,0
DA:141,0
DA:143,0
DA:144,0
DA:145,0
DA:146,0
DA:148,0
DA:150,0
DA:151,0
DA:158,0
DA:159,0
DA:160,0
DA:161,0
DA:163,0
DA:164,0
DA:166,0
DA:167,0
DA:168,0
DA:169,0
DA:170,0
DA:171,0
DA:172,0
DA:173,0
DA:174,0
DA:175,0
DA:176,0
DA:177,0
DA:178,0
DA:179,0
DA:180,0
DA:182,0
DA:194,0
DA:195,0
DA:196,0
DA:197,0
DA:199,0
DA:200,0
DA:201,0
DA:202,0
DA:204,0
DA:205,0
DA:207,0
DA:208,0
DA:209,0
DA:210,0
DA:211,0
DA:212,0
DA:213,0
DA:215,0
DA:224,0
DA:226,0
DA:227,0
DA:228,0
DA:229,0
DA:231,0
DA:232,0
DA:234,0
DA:236,0
DA:237,0
DA:239,0
DA:240,0
DA:241,0
DA:242,0
DA:243,0
DA:245,0
DA:246,0
DA:247,0
DA:248,0
DA:250,0
DA:251,0
DA:252,0
DA:253,0
DA:254,0
DA:257,0
DA:258,0
DA:259,0
DA:260,0
DA:262,0
DA:263,0
DA:264,0
DA:265,0
DA:266,0
DA:268,0
DA:269,0
DA:270,0
DA:271,0
DA:272,0
DA:274,0
DA:275,0
DA:276,0
DA:277,0
DA:278,0
DA:280,0
DA:281,0
DA:282,0
DA:283,0
DA:284,0
DA:286,0
DA:287,0
DA:288,0
DA:289,0
DA:291,0
DA:292,0
DA:294,0
DA:295,0
DA:296,0
DA:297,0
DA:299,0
DA:301,0
DA:303,0
DA:304,0
DA:305,0
DA:307,0
DA:309,0
DA:310,0
DA:312,0
DA:314,0
DA:315,0
DA:317,0
DA:318,0
DA:319,0
DA:320,0
DA:322,0
DA:323,0
DA:325,0
DA:327,0
DA:329,0
DA:330,0
DA:332,0
DA:333,0
DA:335,0
DA:336,0
DA:338,0
DA:339,0
DA:340,0
DA:341,0
DA:342,0
DA:343,0
DA:345,0
DA:347,0
DA:348,0
DA:350,0
DA:351,0
DA:352,0
DA:354,0
DA:356,0
DA:358,0
DA:359,0
DA:361,0
DA:362,0
DA:367,0
DA:369,0
DA:371,0
DA:372,0
DA:373,0
DA:375,0
DA:377,0
DA:392,0
DA:399,0
DA:401,0
DA:403,0
DA:404,0
DA:406,0
DA:416,0
DA:418,0
DA:432,0
DA:433,0
DA:434,0
DA:435,0
DA:437,0
DA:439,0
DA:449,0
DA:451,0
DA:452,0
DA:454,0
DA:455,0
DA:456,0
DA:457,0
DA:459,0
DA:468,0
DA:470,0
DA:472,0
DA:474,0
DA:476,0
DA:478,0
DA:480,0
DA:482,0
DA:484,0
DA:486,0
DA:488,0
DA:499,0
DA:500,0
DA:501,0
DA:503,0
DA:513,0
DA:514,0
DA:515,0
DA:517,0
DA:528,0
DA:530,0
DA:541,0
DA:543,0
DA:554,0
DA:555,0
DA:557,0
DA:567,0
DA:568,0
DA:570,0
DA:572,0
DA:574,0
DA:585,0
DA:589,0
DA:591,0
DA:601,0
DA:602,0
DA:604,0
DA:615,0
DA:616,0
DA:617,0
DA:618,0
DA:619,0
DA:620,0
DA:622,0
DA:633,0
DA:634,0
DA:635,0
DA:637,0
DA:638,0
DA:641,0
LF:332
LH:0
FN:27,32,QueuedCommand.__init__
FNDA:0,QueuedCommand.__init__
FN:38,107,HomeAssistantService.__init__
FNDA:0,HomeAssistantService.__init__
FN:109,131,HomeAssistantService._suggest_troubleshooting
FNDA:0,HomeAssistantService._suggest_troubleshooting
FN:133,139,HomeAssistantService._get_headers
FNDA:0,HomeAssistantService._get_headers
FN:141,146,HomeAssistantService._calculate_backoff
FNDA:0,HomeAssistantService._calculate_backoff
FN:148,180,HomeAssistantService._test_connection
FNDA:0,HomeAssistantService._test_connection
FN:182,299,HomeAssistantService._request
FNDA:0,HomeAssistantService._request
FN:301,305,HomeAssistantService._queue_command
FNDA:0,HomeAssistantService._queue_command
FN:307,323,HomeAssistantService._process_queued_commands
FNDA:0,HomeAssistantService._process_queued_commands
FN:325,354,HomeAssistantService._health_check_loop
FNDA:0,HomeAssistantService._health_check_loop
FN:356,367,HomeAssistantService._start_health_check_thread
FNDA:0,HomeAssistantService._start_health_check_thread
FN:369,373,HomeAssistantService.stop_health_check
FNDA:0,HomeAssistantService.stop_health_check
FN:375,390,HomeAssistantService.get_connection_status
FNDA:0,HomeAssistantService.get_connection_status
FN:392,399,HomeAssistantService.check_connection
FNDA:0,HomeAssistantService.check_connection
FN:401,404,HomeAssistantService.get_states
FNDA:0,HomeAssistantService.get_states
FN:406,416,HomeAssistantService.get_state
FNDA:0,HomeAssistantService.get_state
FN:418,437,HomeAssistantService.call_service
FNDA:0,HomeAssistantService.call_service
FN:439,470,HomeAssistantService.get_devices
FNDA:0,HomeAssistantService.get_devices
FN:472,474,HomeAssistantService.get_lights
FNDA:0,HomeAssistantService.get_lights
FN:476,478,HomeAssistantService.get_switches
FNDA:0,HomeAssistantService.get_switches
FN:480,482,HomeAssistantService.get_sensors
FNDA:0,HomeAssistantService.get_sensors
FN:484,486,HomeAssistantService.get_climate_devices
FNDA:0,HomeAssistantService.get_climate_devices
FN:488,501,HomeAssistantService.turn_on
FNDA:0,HomeAssistantService.turn_on
FN:503,515,HomeAssistantService.turn_off
FNDA:0,HomeAssistantService.turn_off
FN:517,528,HomeAssistantService.set_brightness
FNDA:0,HomeAssistantService.set_brightness
FN:530,541,HomeAssistantService.set_color
FNDA:0,HomeAssistantService.set_color
FN:543,555,HomeAssistantService.set_temperature
FNDA:0,HomeAssistantService.set_temperature
FN:557,568,HomeAssistantService.trigger_automation
FNDA:0,HomeAssistantService.trigger_automation
FN:570,572,HomeAssistantService.get_automations
FNDA:0,HomeAssistantService.get_automations
FN:574,589,HomeAssistantService.create_scene
FNDA:0,HomeAssistantService.create_scene
FN:591,602,HomeAssistantService.activate_scene
FNDA:0,HomeAssistantService.activate_scene
FN:604,620,HomeAssistantService.get_history
FNDA:0,HomeAssistantService.get_history
FN:622,638,HomeAssistantService.send_notification
FNDA:0,HomeAssistantService.send_notification
FNF:33
FNH:0
end_of_record
SF:services/network_service.py
DA:6,0
DA:7,0
DA:8,0
DA:9,0
DA:12,0
DA:15,0
DA:16,0
DA:18,0
DA:20,0
DA:31,0
DA:32,0
DA:34,0
DA:35,0
DA:36,0
DA:37,0
DA:39,0
DA:40,0
DA:48,0
DA:49,0
DA:53,0
DA:54,0
DA:55,0
DA:56,0
DA:57,0
DA:60,0
DA:61,0
DA:62,0
DA:69,0
DA:70,0
DA:71,0
DA:80,0
DA:82,0
DA:84,0
DA:85,0
DA:87,0
DA:88,0
DA:91,0
DA:92,0
DA:93,0
DA:95,0
DA:96,0
DA:97,0
DA:100,0
DA:101,0
DA:104,0
DA:113,0
DA:114,0
DA:115,0
DA:116,0
DA:117,0
DA:118,0
DA:120,0
DA:122,0
DA:128,0
DA:129,0
DA:137,0
DA:138,0
DA:140,0
DA:141,0
DA:142,0
DA:144,0
DA:145,0
DA:146,0
DA:154,0
DA:155,0
DA:156,0
DA:157,0
DA:158,0
DA:159,0
DA:161,0
DA:164,0
DA:166,0
DA:167,0
DA:168,0
DA:170,0
DA:171,0
DA:173,0
DA:175,0
DA:176,0
DA:179,0
DA:180,0
DA:183,0
DA:184,0
DA:186,0
LF:84
LH:0
FN:16,29,NetworkService.get_network_stats
FNDA:0,NetworkService.get_network_stats
FN:32,82,NetworkService.get_interface_stats
FNDA:0,NetworkService.get_interface_stats
FN:85,135,NetworkService.get_connections
FNDA:0,NetworkService.get_connections
FN:138,168,NetworkService.get_listening_ports
FNDA:0,NetworkService.get_listening_ports
FN:171,191,NetworkService.get_bandwidth_delta
FNDA:0,NetworkService.get_bandwidth_delta
FNF:5
FNH:0
end_of_record
SF:services/service_templates.py
DA:6,0
DA:7,0
DA:8,0
DA:10,0
DA:13,0
DA:14,0
DA:16,0
DA:17,0
DA:18,0
DA:19,0
DA:20,0
DA:21,0
DA:22,0
DA:23,0
DA:24,0
DA:25,0
DA:26,0
DA:27,0
DA:28,0
DA:29,0
DA:30,0
DA:31,0
DA:34,0
DA:37,0
DA:38,0
DA:39,0
DA:41,0
DA:45,0
DA:71,0
DA:98,0
DA:122,0
DA:148,0
DA:167,0
DA:184,0
DA:199,0
DA:216,0
DA:230,0
DA:232,0
DA:234,0
DA:236,0
DA:237,0
DA:238,0
DA:239,0
DA:241,0
DA:243,0
LF:45
LH:0
FN:37,39,ServiceTemplateLibrary.__init__
FNDA:0,ServiceTemplateLibrary.__init__
FN:41,228,ServiceTemplateLibrary._load_templates
FNDA:0,ServiceTemplateLibrary._load_templates
FN:230,232,ServiceTemplateLibrary.get_template
FNDA:0,ServiceTemplateLibrary.get_template
FN:234,239,ServiceTemplateLibrary.list_templates
FNDA:0,ServiceTemplateLibrary.list_templates
FN:241,243,ServiceTemplateLibrary.get_categories
FNDA:0,ServiceTemplateLibrary.get_categories
FNF:5
FNH:0
end_of_record
SF:services/ssh_service.py
DA:1,0
DA:2,0
DA:3,0
DA:5,0
DA:7,0
DA:8,0
DA:9,0
DA:10,0
DA:11,0
DA:12,0
DA:13,0
DA:15,0
DA:16,0
DA:17,0
DA:18,0
DA:20,0
DA:21,0
DA:28,0
DA:34,0
DA:35,0
DA:36,0
DA:37,0
DA:38,0
DA:40,0
DA:41,0
DA:42,0
DA:43,0
DA:45,0
DA:46,0
DA:47,0
DA:49,0
DA:50,0
DA:52,0
DA:53,0
DA:54,0
DA:55,0
DA:56,0
DA:58,0
DA:59,0
DA:60,0
DA:61,0
LF:41
LH:0
FN:8,13,SSHService.__init__
FNDA:0,SSHService.__init__
FN:15,38,SSHService.connect
FNDA:0,SSHService.connect
FN:40,56,SSHService.execute_command
FNDA:0,SSHService.execute_command
FN:58,61,SSHService.disconnect
FNDA:0,SSHService.disconnect
FNF:4
FNH:0
end_of_record
SF:services/system_service.py
DA:1,0
DA:2,0
DA:3,0
DA:4,0
DA:6,0
DA:8,0
DA:9,0
DA:10,0
DA:11,0
DA:12,0
DA:13,0
DA:14,0
DA:15,0
DA:16,0
DA:18,0
DA:20,0
DA:53,0
DA:54,0
DA:55,0
DA:57,0
DA:58,0
DA:59,0
DA:60,0
DA:61,0
DA:62,0
DA:63,0
DA:64,0
DA:65,0
DA:66,0
DA:67,0
DA:68,0
DA:69,0
DA:71,0
DA:72,0
DA:74,0
DA:75,0
DA:76,0
DA:77,0
DA:78,0
DA:79,0
DA:80,0
DA:81,0
DA:83,0
DA:98,0
DA:99,0
DA:100,0
DA:102,0
DA:103,0
DA:105,0
DA:106,0
DA:107,0
DA:108,0
DA:109,0
DA:110,0
DA:118,0
DA:119,0
DA:120,0
DA:121,0
DA:122,0
DA:123,0
LF:60
LH:0
FN:10,55,SystemService.get_system_info
FNDA:0,SystemService.get_system_info
FN:58,69,SystemService.get_process_list
FNDA:0,SystemService.get_process_list
FN:72,100,SystemService.get_realtime_stats
FNDA:0,SystemService.get_realtime_stats
FN:103,123,SystemService.get_disk_partitions
FNDA:0,SystemService.get_disk_partitions
FNF:4
FNH:0
end_of_record
SF:services/upload_service.py
DA:1,0
DA:2,0
DA:3,0
DA:4,0
DA:5,0
DA:6,0
DA:7,0
DA:8,0
DA:9,0
DA:10,0
DA:11,0
DA:12,0
DA:13,0
DA:15,0
DA:17,0
DA:20,0
DA:21,0
DA:22,0
DA:23,0
DA:25,0
DA:27,0
DA:28,0
DA:29,0
DA:30,0
DA:31,0
DA:33,0
DA:40,0
DA:41,0
DA:43,0
DA:44,0
DA:45,0
DA:47,0
DA:48,0
DA:49,0
DA:51,0
DA:52,0
DA:53,0
DA:55,0
DA:63,0
DA:66,0
DA:67,0
DA:68,0
DA:69,0
DA:71,0
DA:73,0
DA:74,0
DA:75,0
DA:77,0
DA:78,0
DA:80,0
DA:81,0
DA:82,0
DA:83,0
DA:85,0
DA:86,0
DA:87,0
DA:89,0
DA:91,0
DA:93,0
DA:94,0
DA:95,0
DA:96,0
DA:101,0
DA:111,0
DA:112,0
DA:113,0
DA:114,0
DA:115,0
DA:117,0
DA:136,0
DA:139,0
DA:140,0
DA:141,0
DA:142,0
DA:145,0
DA:148,0
DA:149,0
DA:150,0
DA:151,0
DA:153,0
DA:155,0
DA:161,0
DA:163,0
DA:165,0
DA:175,0
DA:176,0
DA:177,0
DA:179,0
DA:199,0
DA:200,0
DA:201,0
DA:203,0
DA:205,0
DA:208,0
DA:209,0
DA:211,0
DA:212,0
DA:214,0
DA:215,0
DA:218,0
DA:219,0
DA:220,0
DA:221,0
DA:223,0
DA:229,0
DA:231,0
DA:240,0
DA:241,0
DA:243,0
DA:260,0
DA:261,0
DA:263,0
DA:265,0
DA:266,0
DA:267,0
DA:268,0
DA:270,0
DA:272,0
DA:273,0
DA:274,0
DA:275,0
DA:276,0
DA:278,0
DA:284,0
DA:295,0
DA:297,0
DA:298,0
DA:299,0
DA:301,0
DA:302,0
DA:310,0
DA:312,0
DA:313,0
DA:314,0
DA:316,0
DA:327,0
DA:329,0
DA:330,0
DA:331,0
DA:332,0
DA:334,0
DA:335,0
DA:336,0
DA:338,0
DA:355,0
DA:357,0
DA:358,0
DA:359,0
DA:361,0
DA:362,0
DA:363,0
DA:365,0
DA:377,0
DA:379,0
DA:380,0
DA:381,0
DA:382,0
DA:384,0
DA:385,0
DA:386,0
DA:390,0
LF:161
LH:0
FN:25,31,UploadService.__init__
FNDA:0,UploadService.__init__
FN:33,89,UploadService._initialize_client
FNDA:0,UploadService._initialize_client
FN:91,99,UploadService._ensure_initialized
FNDA:0,UploadService._ensure_initialized
FN:101,115,UploadService.calculate_checksum
FNDA:0,UploadService.calculate_checksum
FN:117,177,UploadService.upload_file
FNDA:0,UploadService.upload_file
FN:179,241,UploadService.upload_zip
FNDA:0,UploadService.upload_zip
FN:243,282,UploadService.upload_directory
FNDA:0,UploadService.upload_directory
FN:284,314,UploadService.list_artifacts
FNDA:0,UploadService.list_artifacts
FN:316,336,UploadService.delete_artifact
FNDA:0,UploadService.delete_artifact
FN:338,363,UploadService.get_artifact_url
FNDA:0,UploadService.get_artifact_url
FN:365,386,UploadService.get_artifact
FNDA:0,UploadService.get_artifact
FNF:11
FNH:0
end_of_record
SF:services/websocket_service.py
DA:1,0
DA:2,0
DA:3,0
DA:4,0
DA:5,0
DA:6,0
DA:7,0
DA:8,0
DA:10,0
DA:12,0
DA:15,0
DA:16,0
DA:17,0
DA:23,0
DA:24,0
DA:25,0
DA:26,0
DA:27,0
DA:29,0
DA:31,0
DA:32,0
DA:33,0
DA:34,0
DA:36,0
DA:38,0
DA:39,0
DA:40,0
DA:45,0
DA:46,0
DA:48,0
DA:50,0
DA:51,0
DA:52,0
DA:54,0
DA:55,0
DA:56,0
DA:57,0
DA:58,0
DA:60,0
DA:62,0
DA:64,0
DA:65,0
DA:72,0
DA:73,0
DA:74,0
DA:75,0
DA:76,0
DA:78,0
DA:79,0
DA:80,0
DA:81,0
DA:82,0
DA:83,0
DA:85,0
DA:87,0
DA:88,0
DA:89,0
DA:90,0
DA:91,0
DA:95,0
DA:96,0
DA:97,0
DA:99,0
DA:100,0
DA:104,0
DA:105,0
DA:106,0
DA:108,0
DA:110,0
DA:112,0
DA:114,0
DA:116,0
DA:118,0
DA:120,0
DA:122,0
DA:124,0
DA:126,0
DA:127,0
DA:128,0
DA:130,0
DA:131,0
DA:132,0
DA:133,0
DA:134,0
DA:136,0
DA:137,0
DA:138,0
DA:140,0
DA:141,0
DA:142,0
DA:143,0
DA:144,0
DA:145,0
DA:147,0
DA:152,0
DA:153,0
DA:155,0
DA:157,0
DA:158,0
DA:160,0
DA:161,0
DA:162,0
DA:164,0
DA:165,0
DA:166,0
DA:168,0
DA:169,0
DA:170,0
DA:171,0
DA:172,0
DA:173,0
DA:175,0
DA:180,0
DA:182,0
DA:183,0
DA:185,0
DA:187,0
DA:188,0
DA:189,0
DA:190,0
DA:192,0
DA:194,0
DA:195,0
DA:196,0
DA:197,0
DA:198,0
DA:199,0
DA:200,0
DA:202,0
DA:204,0
DA:206,0
DA:207,0
DA:208,0
DA:209,0
DA:210,0
DA:211,0
DA:212,0
DA:213,0
DA:214,0
DA:215,0
DA:216,0
DA:217,0
DA:218,0
DA:219,0
DA:220,0
DA:222,0
DA:224,0
DA:226,0
DA:227,0
DA:228,0
DA:229,0
DA:230,0
DA:234,0
DA:235,0
DA:236,0
DA:237,0
DA:242,0
DA:244,0
DA:245,0
DA:246,0
DA:247,0
DA:248,0
DA:249,0
DA:250,0
DA:251,0
DA:252,0
DA:253,0
DA:254,0
DA:255,0
DA:256,0
DA:258,0
DA:260,0
DA:261,0
DA:262,0
DA:263,0
DA:264,0
DA:266,0
DA:273,0
DA:275,0
DA:276,0
DA:278,0
DA:280,0
LF:182
LH:0
FN:15,27,WebSocketService.__init__
FNDA:0,WebSocketService.__init__
FN:29,34,WebSocketService.init_app
FNDA:0,WebSocketService.init_app
FN:36,46,WebSocketService.generate_auth_token
FNDA:0,WebSocketService.generate_auth_token
FN:48,60,WebSocketService.validate_auth_token
FNDA:0,WebSocketService.validate_auth_token
FN:62,83,WebSocketService.add_connection
FNDA:0,WebSocketService.add_connection
FN:85,106,WebSocketService.remove_connection
FNDA:0,WebSocketService.remove_connection
FN:108,110,WebSocketService.broadcast_to_workflow
FNDA:0,WebSocketService.broadcast_to_workflow
FN:112,114,WebSocketService.broadcast_to_deployment
FNDA:0,WebSocketService.broadcast_to_deployment
FN:116,118,WebSocketService.broadcast_to_tasks
FNDA:0,WebSocketService.broadcast_to_tasks
FN:120,122,WebSocketService.broadcast_to_system
FNDA:0,WebSocketService.broadcast_to_system
FN:124,183,WebSocketService._broadcast
FNDA:0,WebSocketService._broadcast
FN:185,190,WebSocketService.start_heartbeat
FNDA:0,WebSocketService.start_heartbeat
FN:192,200,WebSocketService._heartbeat_loop
FNDA:0,WebSocketService._heartbeat_loop
FN:202,220,WebSocketService._send_heartbeat
FNDA:0,WebSocketService._send_heartbeat
FN:222,240,WebSocketService._cleanup_stale_connections
FNDA:0,WebSocketService._cleanup_stale_connections
FN:242,256,WebSocketService.update_ping_time
FNDA:0,WebSocketService.update_ping_time
FN:258,271,WebSocketService.get_connection_count
FNDA:0,WebSocketService.get_connection_count
FN:273,276,WebSocketService.shutdown
FNDA:0,WebSocketService.shutdown
FNF:18
FNH:0
end_of_record
SF:services/workflow_service.py
DA:1,0
DA:2,0
DA:3,0
DA:4,0
DA:5,0
DA:6,0
DA:7,0
DA:8,0
DA:9,0
DA:10,0
DA:11,0
DA:13,0
DA:15,0
DA:16,0
DA:17,0
DA:18,0
DA:19,0
DA:20,0
DA:21,0
DA:22,0
DA:23,0
DA:25,0
DA:26,0
DA:27,0
DA:28,0
DA:29,0
DA:34,0
DA:35,0
DA:36,0
DA:41,0
DA:43,0
DA:44,0
DA:45,0
DA:46,0
DA:47,0
DA:48,0
DA:49,0
DA:51,0
DA:52,0
DA:55,0
DA:56,0
DA:57,0
DA:58,0
DA:59,0
DA:63,0
DA:65,0
DA:66,0
DA:67,0
DA:69,0
DA:70,0
DA:71,0
DA:77,0
DA:78,0
DA:82,0
DA:87,0
DA:88,0
DA:89,0
DA:91,0
DA:96,0
DA:97,0
DA:98,0
DA:99,0
DA:100,0
DA:101,0
DA:102,0
DA:103,0
DA:105,0
DA:106,0
DA:108,0
DA:109,0
DA:116,0
DA:117,0
DA:119,0
DA:121,0
DA:124,0
DA:143,0
DA:144,0
DA:146,0
DA:147,0
DA:154,0
DA:155,0
DA:157,0
DA:158,0
DA:161,0
DA:167,0
DA:169,0
DA:171,0
DA:172,0
DA:174,0
DA:175,0
DA:178,0
DA:180,0
DA:182,0
DA:183,0
DA:185,0
DA:202,0
DA:203,0
DA:205,0
DA:206,0
DA:207,0
DA:211,0
DA:212,0
DA:213,0
DA:215,0
DA:216,0
DA:218,0
DA:219,0
DA:221,0
DA:222,0
DA:224,0
DA:226,0
DA:229,0
DA:238,0
DA:239,0
DA:240,0
DA:241,0
DA:243,0
DA:262,0
DA:263,0
DA:265,0
DA:266,0
DA:267,0
DA:271,0
DA:272,0
DA:273,0
DA:275,0
DA:276,0
DA:278,0
DA:279,0
DA:280,0
DA:282,0
DA:284,0
DA:286,0
DA:287,0
DA:288,0
DA:289,0
DA:291,0
DA:293,0
DA:295,0
DA:314,0
DA:315,0
DA:317,0
DA:318,0
DA:320,0
DA:321,0
DA:323,0
DA:324,0
DA:326,0
DA:327,0
DA:329,0
DA:330,0
DA:332,0
DA:340,0
DA:341,0
DA:342,0
DA:343,0
DA:344,0
DA:346,0
DA:348,0
DA:349,0
DA:350,0
DA:351,0
DA:352,0
DA:354,0
DA:356,0
DA:357,0
DA:358,0
DA:359,0
DA:360,0
DA:362,0
DA:364,0
DA:365,0
DA:366,0
DA:367,0
DA:368,0
DA:370,0
DA:372,0
LF:177
LH:0
FN:16,23,CircuitBreaker.__init__
FNDA:0,CircuitBreaker.__init__
FN:25,49,CircuitBreaker.call
FNDA:0,CircuitBreaker.call
FN:51,53,CircuitBreaker._should_attempt_reset
FNDA:0,CircuitBreaker._should_attempt_reset
FN:55,63,CircuitBreaker._on_success
FNDA:0,CircuitBreaker._on_success
FN:65,75,CircuitBreaker._on_failure
FNDA:0,CircuitBreaker._on_failure
FN:77,85,CircuitBreaker.queue_task
FNDA:0,CircuitBreaker.queue_task
FN:87,106,CircuitBreaker._process_pending_tasks
FNDA:0,CircuitBreaker._process_pending_tasks
FN:108,114,CircuitBreaker.get_status
FNDA:0,CircuitBreaker.get_status
FN:124,167,WorkflowService.create_workflow
FNDA:0,WorkflowService.create_workflow
FN:169,178,WorkflowService.get_workflow
FNDA:0,WorkflowService.get_workflow
FN:180,183,WorkflowService.get_workflow_status
FNDA:0,WorkflowService.get_workflow_status
FN:185,241,WorkflowService.update_workflow_status
FNDA:0,WorkflowService.update_workflow_status
FN:243,289,WorkflowService.update_workflow_progress
FNDA:0,WorkflowService.update_workflow_progress
FN:291,293,WorkflowService.cancel_workflow
FNDA:0,WorkflowService.cancel_workflow
FN:295,330,WorkflowService.list_workflows
FNDA:0,WorkflowService.list_workflows
FN:332,344,WorkflowService.publish_workflow_event
FNDA:0,WorkflowService.publish_workflow_event
FN:346,352,WorkflowService.publish_task_notification
FNDA:0,WorkflowService.publish_task_notification
FN:354,360,WorkflowService.publish_deployment_event
FNDA:0,WorkflowService.publish_deployment_event
FN:362,368,WorkflowService.publish_system_event
FNDA:0,WorkflowService.publish_system_event
FNF:19
FNH:0
end_of_record
