{"numTotalTestSuites":3,"numPassedTestSuites":1,"numFailedTestSuites":2,"numPendingTestSuites":0,"numTotalTests":9,"numPassedTests":8,"numFailedTests":1,"numPendingTests":0,"numTodoTests":0,"snapshot":{"added":0,"failure":false,"filesAdded":0,"filesRemoved":0,"filesRemovedList":[],"filesUnmatched":0,"filesUpdated":0,"matched":0,"total":0,"unchecked":0,"uncheckedKeysByFile":[],"unmatched":0,"updated":0,"didUpdate":false},"startTime":1763192945795,"success":false,"testResults":[{"assertionResults":[{"ancestorTitles":["Concurrency Tests - Giveaways"],"fullName":"Concurrency Tests - Giveaways should handle 100 concurrent giveaway entries without duplicates","status":"passed","title":"should handle 100 concurrent giveaway entries without duplicates","duration":13145.501416,"failureMessages":[],"meta":{}},{"ancestorTitles":["Concurrency Tests - Giveaways"],"fullName":"Concurrency Tests - Giveaways should prevent duplicate entries from the same user","status":"passed","title":"should prevent duplicate entries from the same user","duration":788.1505029999989,"failureMessages":[],"meta":{}},{"ancestorTitles":["Concurrency Tests - Giveaways"],"fullName":"Concurrency Tests - Giveaways should enforce rate limiting on giveaway entries","status":"failed","title":"should enforce rate limiting on giveaway entries","duration":6507.999828000002,"failureMessages":["AssertionError: expected 0 to be greater than or equal to 5\n    at /home/runner/workspace/services/stream-bot/tests/concurrency.test.ts:183:39\n    at processTicksAndRejections (node:internal/process/task_queues:95:5)\n    at file:///home/runner/workspace/node_modules/@vitest/runner/dist/index.js:753:20"],"meta":{}},{"ancestorTitles":["Concurrency Tests - Giveaways"],"fullName":"Concurrency Tests - Giveaways should select unique winners without duplicates","status":"passed","title":"should select unique winners without duplicates","duration":6967.999744000001,"failureMessages":[],"meta":{}},{"ancestorTitles":["Concurrency Tests - Currency"],"fullName":"Concurrency Tests - Currency should handle 100 concurrent point additions without race conditions","status":"passed","title":"should handle 100 concurrent point additions without race conditions","duration":8676.449097,"failureMessages":[],"meta":{}},{"ancestorTitles":["Concurrency Tests - Currency"],"fullName":"Concurrency Tests - Currency should prevent negative balances with concurrent operations","status":"passed","title":"should prevent negative balances with concurrent operations","duration":1607.784685999999,"failureMessages":[],"meta":{}},{"ancestorTitles":["Concurrency Tests - Currency"],"fullName":"Concurrency Tests - Currency should handle concurrent gambling operations atomically","status":"passed","title":"should handle concurrent gambling operations atomically","duration":1425.753797999998,"failureMessages":[],"meta":{}},{"ancestorTitles":["Concurrency Tests - Currency"],"fullName":"Concurrency Tests - Currency should handle concurrent transfers without partial failures","status":"passed","title":"should handle concurrent transfers without partial failures","duration":7397.4671270000035,"failureMessages":[],"meta":{}},{"ancestorTitles":["Concurrency Tests - Currency"],"fullName":"Concurrency Tests - Currency should maintain consistency under mixed concurrent operations","status":"passed","title":"should maintain consistency under mixed concurrent operations","duration":3886.994147999998,"failureMessages":[],"meta":{}}],"startTime":1763192947919,"endTime":1763192998403.9941,"status":"failed","message":"","name":"/home/runner/workspace/services/stream-bot/tests/concurrency.test.ts"}]}
